2025-12-10 00:25:38,511 [INFO] WebApp:194 - Connection lost
2025-12-10 00:25:39,133 [INFO] WebApp:191 - Connection restablished
2025-12-10 00:26:44,209 [INFO] WebApp:194 - Connection lost
2025-12-10 00:26:44,758 [INFO] WebApp:191 - Connection restablished
2025-12-10 09:31:18,480 [INFO] WebApp:194 - Connection lost
2025-12-10 09:31:28,078 [INFO] WebApp:191 - Connection restablished
2025-12-10 11:14:24,168 [INFO] WebApp:194 - Connection lost
2025-12-10 11:14:30,676 [INFO] WebApp:191 - Connection restablished
2025-12-10 11:39:48,864 [INFO] WebApp:194 - Connection lost
2025-12-10 11:39:49,380 [INFO] WebApp:191 - Connection restablished
2025-12-10 11:39:52,711 [INFO] WebApp:194 - Connection lost
2025-12-10 11:39:53,178 [INFO] WebApp:191 - Connection restablished
2025-12-10 11:55:42,129 [INFO] WebApp:194 - Connection lost
2025-12-10 11:55:42,816 [INFO] WebApp:191 - Connection restablished
2025-12-10 11:56:14,746 [INFO] WebApp:194 - Connection lost
2025-12-10 11:56:15,461 [INFO] WebApp:191 - Connection restablished
2025-12-10 11:56:46,748 [INFO] WebApp:194 - Connection lost
2025-12-10 11:56:47,226 [INFO] WebApp:191 - Connection restablished
2025-12-10 11:59:01,774 [INFO] I2cTimingTraitement:330 - 0x30909DEC
2025-12-10 11:59:01,817 [INFO] I2cTimingTraitement:330 - 0x30909DEC
2025-12-10 11:59:01,991 [WARN] IP:2250 - SRAM5PowerDownInRunMode not found: check if there is a RefParameter without a condition.
2025-12-10 11:59:01,991 [WARN] IP:2250 - RAM1Page4PowerDownInStopMode not found: check if there is a RefParameter without a condition.
2025-12-10 11:59:01,992 [WARN] IP:2250 - RAM1Page5PowerDownInStopMode not found: check if there is a RefParameter without a condition.
2025-12-10 11:59:01,992 [WARN] IP:2250 - RAM1Page6PowerDownInStopMode not found: check if there is a RefParameter without a condition.
2025-12-10 11:59:01,992 [WARN] IP:2250 - RAM1Page7PowerDownInStopMode not found: check if there is a RefParameter without a condition.
2025-12-10 11:59:01,992 [WARN] IP:2250 - RAM1Page8PowerDownInStopMode not found: check if there is a RefParameter without a condition.
2025-12-10 11:59:01,992 [WARN] IP:2250 - RAM1Page9PowerDownInStopMode not found: check if there is a RefParameter without a condition.
2025-12-10 11:59:01,992 [WARN] IP:2250 - RAM1Page10PowerDownInStopMode not found: check if there is a RefParameter without a condition.
2025-12-10 11:59:01,992 [WARN] IP:2250 - RAM1Page11PowerDownInStopMode not found: check if there is a RefParameter without a condition.
2025-12-10 11:59:01,992 [WARN] IP:2250 - RAM1Page12PowerDownInStopMode not found: check if there is a RefParameter without a condition.
2025-12-10 11:59:01,992 [WARN] IP:2250 - RAM3Page9PowerDownInStopMode not found: check if there is a RefParameter without a condition.
2025-12-10 11:59:01,992 [WARN] IP:2250 - RAM3Page10PowerDownInStopMode not found: check if there is a RefParameter without a condition.
2025-12-10 11:59:01,993 [WARN] IP:2250 - RAM3Page11PowerDownInStopMode not found: check if there is a RefParameter without a condition.
2025-12-10 11:59:01,993 [WARN] IP:2250 - RAM3Page12PowerDownInStopMode not found: check if there is a RefParameter without a condition.
2025-12-10 11:59:01,993 [WARN] IP:2250 - RAM3Page13PowerDownInStopMode not found: check if there is a RefParameter without a condition.
2025-12-10 11:59:01,993 [WARN] IP:2250 - RAM5Page1PowerDownInStopMode not found: check if there is a RefParameter without a condition.
2025-12-10 11:59:01,993 [WARN] IP:2250 - RAM5Page2PowerDownInStopMode not found: check if there is a RefParameter without a condition.
2025-12-10 11:59:01,993 [WARN] IP:2250 - RAM5Page3PowerDownInStopMode not found: check if there is a RefParameter without a condition.
2025-12-10 11:59:01,993 [WARN] IP:2250 - RAM5Page4PowerDownInStopMode not found: check if there is a RefParameter without a condition.
2025-12-10 11:59:01,993 [WARN] IP:2250 - RAM5Page5PowerDownInStopMode not found: check if there is a RefParameter without a condition.
2025-12-10 11:59:01,993 [WARN] IP:2250 - RAM5Page6PowerDownInStopMode not found: check if there is a RefParameter without a condition.
2025-12-10 11:59:01,993 [WARN] IP:2250 - RAM5Page7PowerDownInStopMode not found: check if there is a RefParameter without a condition.
2025-12-10 11:59:01,993 [WARN] IP:2250 - RAM5Page8PowerDownInStopMode not found: check if there is a RefParameter without a condition.
2025-12-10 11:59:01,993 [WARN] IP:2250 - RAM5Page9PowerDownInStopMode not found: check if there is a RefParameter without a condition.
2025-12-10 11:59:01,993 [WARN] IP:2250 - RAM5Page10PowerDownInStopMode not found: check if there is a RefParameter without a condition.
2025-12-10 11:59:01,993 [WARN] IP:2250 - RAM5Page11PowerDownInStopMode not found: check if there is a RefParameter without a condition.
2025-12-10 11:59:01,993 [WARN] IP:2250 - RAM5Page12PowerDownInStopMode not found: check if there is a RefParameter without a condition.
2025-12-10 11:59:01,993 [WARN] IP:2250 - RAM5Page13PowerDownInStopMode not found: check if there is a RefParameter without a condition.
2025-12-10 11:59:01,993 [WARN] IP:2250 - Dcache2PowerDownInStopMode not found: check if there is a RefParameter without a condition.
2025-12-10 11:59:01,993 [WARN] IP:2250 - GRAPHICPRAMPowerDownInStopMode not found: check if there is a RefParameter without a condition.
2025-12-10 11:59:01,993 [WARN] IP:2250 - DSIRAMPowerDownInStopMode not found: check if there is a RefParameter without a condition.
2025-12-10 11:59:02,323 [WARN] IP:2250 - TX_ENABLE_RANDOM_NUMBER_STACK_FILLING not found: check if there is a RefParameter without a condition.
2025-12-10 11:59:02,323 [WARN] IP:2250 - TX_APP_THREAD_ENTRY not found: check if there is a RefParameter without a condition.
2025-12-10 11:59:02,324 [WARN] IP:2250 - TX_APP_THREAD_NAME not found: check if there is a RefParameter without a condition.
2025-12-10 11:59:02,324 [WARN] IP:2250 - TX_APP_THREAD_PRIO not found: check if there is a RefParameter without a condition.
2025-12-10 11:59:02,324 [WARN] IP:2250 - TX_APP_STACK_SIZE not found: check if there is a RefParameter without a condition.
2025-12-10 11:59:02,324 [WARN] IP:2250 - TX_SEMAPHORE_NAME not found: check if there is a RefParameter without a condition.
2025-12-10 11:59:02,324 [WARN] IP:2250 - TX_SEMAPHORE_COUNT not found: check if there is a RefParameter without a condition.
2025-12-10 11:59:02,324 [WARN] IP:2250 - TX_MUTEX_NAME not found: check if there is a RefParameter without a condition.
2025-12-10 11:59:02,324 [WARN] IP:2250 - TX_MUTEX_INHERITANCE not found: check if there is a RefParameter without a condition.
2025-12-10 11:59:02,324 [WARN] IP:2250 - TX_MSG_QUEUE_NAME not found: check if there is a RefParameter without a condition.
2025-12-10 11:59:02,325 [WARN] IP:2250 - TX_MSG_SIZE_WORDS not found: check if there is a RefParameter without a condition.
2025-12-10 11:59:02,325 [WARN] IP:2250 - TX_NB_MSG not found: check if there is a RefParameter without a condition.
2025-12-10 11:59:02,325 [WARN] IP:2250 - TX_BASEPRI_VALUE not found: check if there is a RefParameter without a condition.
2025-12-10 11:59:02,325 [WARN] IP:2250 - TX_PORT_BASEPRI_VALUE not found: check if there is a RefParameter without a condition.
2025-12-10 11:59:02,700 [WARN] IP:2250 - SRAM5PowerDownInRunMode not found: check if there is a RefParameter without a condition.
2025-12-10 11:59:02,700 [WARN] IP:2250 - RAM1Page4PowerDownInStopMode not found: check if there is a RefParameter without a condition.
2025-12-10 11:59:02,700 [WARN] IP:2250 - RAM1Page5PowerDownInStopMode not found: check if there is a RefParameter without a condition.
2025-12-10 11:59:02,700 [WARN] IP:2250 - RAM1Page6PowerDownInStopMode not found: check if there is a RefParameter without a condition.
2025-12-10 11:59:02,701 [WARN] IP:2250 - RAM1Page7PowerDownInStopMode not found: check if there is a RefParameter without a condition.
2025-12-10 11:59:02,701 [WARN] IP:2250 - RAM1Page8PowerDownInStopMode not found: check if there is a RefParameter without a condition.
2025-12-10 11:59:02,701 [WARN] IP:2250 - RAM1Page9PowerDownInStopMode not found: check if there is a RefParameter without a condition.
2025-12-10 11:59:02,701 [WARN] IP:2250 - RAM1Page10PowerDownInStopMode not found: check if there is a RefParameter without a condition.
2025-12-10 11:59:02,701 [WARN] IP:2250 - RAM1Page11PowerDownInStopMode not found: check if there is a RefParameter without a condition.
2025-12-10 11:59:02,701 [WARN] IP:2250 - RAM1Page12PowerDownInStopMode not found: check if there is a RefParameter without a condition.
2025-12-10 11:59:02,701 [WARN] IP:2250 - RAM3Page9PowerDownInStopMode not found: check if there is a RefParameter without a condition.
2025-12-10 11:59:02,701 [WARN] IP:2250 - RAM3Page10PowerDownInStopMode not found: check if there is a RefParameter without a condition.
2025-12-10 11:59:02,701 [WARN] IP:2250 - RAM3Page11PowerDownInStopMode not found: check if there is a RefParameter without a condition.
2025-12-10 11:59:02,701 [WARN] IP:2250 - RAM3Page12PowerDownInStopMode not found: check if there is a RefParameter without a condition.
2025-12-10 11:59:02,701 [WARN] IP:2250 - RAM3Page13PowerDownInStopMode not found: check if there is a RefParameter without a condition.
2025-12-10 11:59:02,701 [WARN] IP:2250 - RAM5Page1PowerDownInStopMode not found: check if there is a RefParameter without a condition.
2025-12-10 11:59:02,701 [WARN] IP:2250 - RAM5Page2PowerDownInStopMode not found: check if there is a RefParameter without a condition.
2025-12-10 11:59:02,701 [WARN] IP:2250 - RAM5Page3PowerDownInStopMode not found: check if there is a RefParameter without a condition.
2025-12-10 11:59:02,701 [WARN] IP:2250 - RAM5Page4PowerDownInStopMode not found: check if there is a RefParameter without a condition.
2025-12-10 11:59:02,701 [WARN] IP:2250 - RAM5Page5PowerDownInStopMode not found: check if there is a RefParameter without a condition.
2025-12-10 11:59:02,701 [WARN] IP:2250 - RAM5Page6PowerDownInStopMode not found: check if there is a RefParameter without a condition.
2025-12-10 11:59:02,701 [WARN] IP:2250 - RAM5Page7PowerDownInStopMode not found: check if there is a RefParameter without a condition.
2025-12-10 11:59:02,701 [WARN] IP:2250 - RAM5Page8PowerDownInStopMode not found: check if there is a RefParameter without a condition.
2025-12-10 11:59:02,701 [WARN] IP:2250 - RAM5Page9PowerDownInStopMode not found: check if there is a RefParameter without a condition.
2025-12-10 11:59:02,701 [WARN] IP:2250 - RAM5Page10PowerDownInStopMode not found: check if there is a RefParameter without a condition.
2025-12-10 11:59:02,701 [WARN] IP:2250 - RAM5Page11PowerDownInStopMode not found: check if there is a RefParameter without a condition.
2025-12-10 11:59:02,701 [WARN] IP:2250 - RAM5Page12PowerDownInStopMode not found: check if there is a RefParameter without a condition.
2025-12-10 11:59:02,701 [WARN] IP:2250 - RAM5Page13PowerDownInStopMode not found: check if there is a RefParameter without a condition.
2025-12-10 11:59:02,701 [WARN] IP:2250 - Dcache2PowerDownInStopMode not found: check if there is a RefParameter without a condition.
2025-12-10 11:59:02,702 [WARN] IP:2250 - GRAPHICPRAMPowerDownInStopMode not found: check if there is a RefParameter without a condition.
2025-12-10 11:59:02,702 [WARN] IP:2250 - DSIRAMPowerDownInStopMode not found: check if there is a RefParameter without a condition.
2025-12-10 11:59:02,950 [WARN] IP:2250 - TX_ENABLE_RANDOM_NUMBER_STACK_FILLING not found: check if there is a RefParameter without a condition.
2025-12-10 11:59:02,950 [WARN] IP:2250 - TX_APP_THREAD_ENTRY not found: check if there is a RefParameter without a condition.
2025-12-10 11:59:02,950 [WARN] IP:2250 - TX_APP_THREAD_NAME not found: check if there is a RefParameter without a condition.
2025-12-10 11:59:02,950 [WARN] IP:2250 - TX_APP_THREAD_PRIO not found: check if there is a RefParameter without a condition.
2025-12-10 11:59:02,950 [WARN] IP:2250 - TX_APP_STACK_SIZE not found: check if there is a RefParameter without a condition.
2025-12-10 11:59:02,950 [WARN] IP:2250 - TX_SEMAPHORE_NAME not found: check if there is a RefParameter without a condition.
2025-12-10 11:59:02,950 [WARN] IP:2250 - TX_SEMAPHORE_COUNT not found: check if there is a RefParameter without a condition.
2025-12-10 11:59:02,951 [WARN] IP:2250 - TX_MUTEX_NAME not found: check if there is a RefParameter without a condition.
2025-12-10 11:59:02,951 [WARN] IP:2250 - TX_MUTEX_INHERITANCE not found: check if there is a RefParameter without a condition.
2025-12-10 11:59:02,951 [WARN] IP:2250 - TX_MSG_QUEUE_NAME not found: check if there is a RefParameter without a condition.
2025-12-10 11:59:02,951 [WARN] IP:2250 - TX_MSG_SIZE_WORDS not found: check if there is a RefParameter without a condition.
2025-12-10 11:59:02,951 [WARN] IP:2250 - TX_NB_MSG not found: check if there is a RefParameter without a condition.
2025-12-10 11:59:02,951 [WARN] IP:2250 - TX_BASEPRI_VALUE not found: check if there is a RefParameter without a condition.
2025-12-10 11:59:02,951 [WARN] IP:2250 - TX_PORT_BASEPRI_VALUE not found: check if there is a RefParameter without a condition.
2025-12-10 12:00:28,805 [INFO] WebApp:194 - Connection lost
2025-12-10 12:00:29,290 [INFO] WebApp:191 - Connection restablished
2025-12-10 14:02:33,821 [INFO] WebApp:194 - Connection lost
2025-12-10 14:02:41,527 [INFO] WebApp:191 - Connection restablished
2025-12-10 14:03:10,154 [INFO] WebApp:194 - Connection lost
2025-12-10 14:03:10,865 [INFO] WebApp:191 - Connection restablished
