2025-11-27 09:25:32,412 [INFO] WebApp:194 - Connection lost
2025-11-27 09:25:41,393 [INFO] WebApp:191 - Connection restablished
2025-11-27 11:16:20,808 [INFO] WebApp:194 - Connection lost
2025-11-27 11:16:27,311 [INFO] WebApp:191 - Connection restablished
2025-11-27 11:22:24,315 [INFO] WebApp:194 - Connection lost
2025-11-27 11:22:24,977 [INFO] WebApp:191 - Connection restablished
2025-11-27 11:32:28,869 [INFO] WebApp:194 - Connection lost
2025-11-27 11:32:29,476 [INFO] WebApp:191 - Connection restablished
2025-11-27 11:47:19,488 [INFO] WebApp:194 - Connection lost
2025-11-27 11:47:20,122 [INFO] WebApp:191 - Connection restablished
2025-11-27 11:47:33,339 [INFO] WebApp:194 - Connection lost
2025-11-27 11:47:34,008 [INFO] WebApp:191 - Connection restablished
2025-11-27 13:41:50,802 [INFO] WebApp:194 - Connection lost
2025-11-27 13:41:55,984 [INFO] WebApp:191 - Connection restablished
2025-11-27 13:41:58,074 [INFO] WebApp:194 - Connection lost
2025-11-27 13:41:58,346 [INFO] WebApp:191 - Connection restablished
2025-11-27 14:29:13,267 [INFO] WebApp:194 - Connection lost
2025-11-27 14:29:13,949 [INFO] WebApp:191 - Connection restablished
2025-11-27 14:29:50,805 [INFO] WebApp:194 - Connection lost
2025-11-27 14:29:51,315 [INFO] WebApp:191 - Connection restablished
2025-11-27 14:39:43,626 [INFO] WebApp:194 - Connection lost
2025-11-27 14:39:44,357 [INFO] WebApp:191 - Connection restablished
2025-11-27 14:39:44,891 [INFO] McuFinderGlobals:63 - Set McuFinder mode to 2 (CubeIDE integrated)
2025-11-27 14:39:45,156 [INFO] MainUpdater:2872 - connection check result : 10
2025-11-27 14:39:45,157 [INFO] MainUpdater:2872 - connection check result : 10
2025-11-27 14:39:45,232 [INFO] MicroXplorer:468 - Change Database Path : 
2025-11-27 14:39:45,233 [INFO] MicroXplorer:498 - Change Database Version : DB.6.0.150
2025-11-27 14:39:45,249 [WARN] ThirdParty:871 - waiting for thirdparty lock release [close project]
2025-11-27 14:39:45,249 [INFO] ThirdParty:873 - entering critical section [close project]
2025-11-27 14:39:45,253 [INFO] ThirdParty:883 - exiting critical section [close project]
2025-11-27 14:39:45,259 [INFO] PinOutPanel:1589 - setPackage(No Configuration,No Configuration)
2025-11-27 14:39:45,271 [INFO] UtilMem:75 - Begin LoadConfig() Used Memory: 411885088 Bytes (465567744)
2025-11-27 14:39:45,291 [INFO] MicroXplorer:468 - Change Database Path : 
2025-11-27 14:39:45,291 [INFO] MicroXplorer:498 - Change Database Version : DB.6.0.150
2025-11-27 14:39:45,292 [INFO] OpenFileManager:355 - Change cursor
2025-11-27 14:39:45,599 [INFO] Mcu:2029 - Initializing MCU STM32U585AIIxQ STM32U585AIIxQ STM32U585AII6Q
2025-11-27 14:39:53,800 [INFO] Context:786 - Trying to add GPIOservice into a context  which must be forbidden
2025-11-27 14:39:53,801 [INFO] Context:786 - Trying to add GPIOservice into a context  which must be forbidden
2025-11-27 14:39:58,481 [INFO] WebApp:194 - Connection lost
2025-11-27 14:39:58,935 [INFO] WebApp:191 - Connection restablished
2025-11-27 14:39:59,023 [INFO] ImportTextPane:234 - (OptionalMessage_ERROR) Pin77 (VP_RIF_VS_RIF1) cannot be retrieved for this MCU
2025-11-27 14:39:59,799 [WARN] ModelIntegratedComponent:63 - No mode defined for component null
2025-11-27 14:39:59,799 [WARN] ModelIntegratedComponent:63 - No mode defined for component null
2025-11-27 14:39:59,799 [WARN] ModelIntegratedComponent:63 - No mode defined for component null
2025-11-27 14:39:59,799 [WARN] ModelIntegratedComponent:63 - No mode defined for component null
2025-11-27 14:39:59,800 [WARN] ModelIntegratedComponent:63 - No mode defined for component null
2025-11-27 14:39:59,800 [WARN] ModelIntegratedComponent:63 - No mode defined for component null
2025-11-27 14:39:59,800 [WARN] ModelIntegratedComponent:63 - No mode defined for component null
2025-11-27 14:39:59,800 [WARN] ModelIntegratedComponent:63 - No mode defined for component null
2025-11-27 14:39:59,800 [WARN] ModelIntegratedComponent:63 - No mode defined for component null
2025-11-27 14:39:59,800 [WARN] ModelIntegratedComponent:63 - No mode defined for component null
2025-11-27 14:39:59,801 [WARN] ModelIntegratedComponent:63 - No mode defined for component null
2025-11-27 14:39:59,801 [WARN] ModelIntegratedComponent:63 - No mode defined for component null
2025-11-27 14:39:59,801 [WARN] ModelIntegratedComponent:63 - No mode defined for component null
2025-11-27 14:39:59,801 [WARN] ModelIntegratedComponent:63 - No mode defined for component null
2025-11-27 14:39:59,801 [WARN] ModelIntegratedComponent:63 - No mode defined for component null
2025-11-27 14:39:59,801 [WARN] ModelIntegratedComponent:63 - No mode defined for component null
2025-11-27 14:39:59,802 [WARN] ModelIntegratedComponent:63 - No mode defined for component null
2025-11-27 14:39:59,802 [WARN] ModelIntegratedComponent:63 - No mode defined for component null
2025-11-27 14:39:59,802 [WARN] ModelIntegratedComponent:63 - No mode defined for component null
2025-11-27 14:39:59,802 [WARN] ModelIntegratedComponent:63 - No mode defined for component null
2025-11-27 14:39:59,802 [WARN] ModelIntegratedComponent:63 - No mode defined for component null
2025-11-27 14:39:59,803 [WARN] ModelIntegratedComponent:63 - No mode defined for component null
2025-11-27 14:39:59,803 [WARN] ModelIntegratedComponent:63 - No mode defined for component null
2025-11-27 14:39:59,803 [WARN] ModelIntegratedComponent:63 - No mode defined for component null
2025-11-27 14:39:59,803 [WARN] ModelIntegratedComponent:63 - No mode defined for component null
2025-11-27 14:39:59,803 [WARN] ModelIntegratedComponent:63 - No mode defined for component null
2025-11-27 14:39:59,803 [WARN] ModelIntegratedComponent:63 - No mode defined for component null
2025-11-27 14:39:59,803 [WARN] ModelIntegratedComponent:63 - No mode defined for component null
2025-11-27 14:39:59,804 [WARN] ModelIntegratedComponent:63 - No mode defined for component null
2025-11-27 14:39:59,804 [WARN] ModelIntegratedComponent:63 - No mode defined for component null
2025-11-27 14:39:59,804 [WARN] ModelIntegratedComponent:63 - No mode defined for component null
2025-11-27 14:39:59,804 [WARN] ModelIntegratedComponent:63 - No mode defined for component null
2025-11-27 14:39:59,805 [WARN] ModelIntegratedComponent:63 - No mode defined for component null
2025-11-27 14:39:59,805 [WARN] ModelIntegratedComponent:63 - No mode defined for component null
2025-11-27 14:39:59,805 [WARN] ModelIntegratedComponent:63 - No mode defined for component null
2025-11-27 14:39:59,805 [WARN] ModelPack:524 - Component already loaded: STMicroelectronics:HAL Drivers:0.0.0:STMicroelectronics:Device:STMicro_Driver:XSPI:HAL::0.0.1:HAL_XSPI
2025-11-27 14:39:59,812 [INFO] RtosManager:558 - Registered RTOS mode: class=RTOS, group=ThreadX, mode=Core, owner=THREADX
2025-11-27 14:40:00,193 [INFO] ThirdPartyModel:298 - Start build external matchings
2025-11-27 14:40:00,976 [INFO] ThirdPartyModel:316 - End build external matchings
2025-11-27 14:40:01,014 [INFO] RtosManager:1018 - Current active RTOS is THREADX [CortexM33]
2025-11-27 14:40:01,044 [INFO] HwResourcesManager:1943 - RZone for current mcu STM32U585AIIxQ : STM32_DIE482_786_2048
2025-11-27 14:40:01,125 [INFO] HwResourcesManager:208 - mpc SRAM1 added
2025-11-27 14:40:01,131 [INFO] HwResourcesManager:208 - mpc SRAM2 added
2025-11-27 14:40:01,139 [INFO] HwResourcesManager:208 - mpc SRAM3 added
2025-11-27 14:40:01,145 [INFO] HwResourcesManager:208 - mpc SRAM4 added
2025-11-27 14:40:01,151 [INFO] HwResourcesManager:208 - mpc Flash Bank1 added
2025-11-27 14:40:01,158 [INFO] HwResourcesManager:208 - mpc Flash Bank2 added
2025-11-27 14:40:01,165 [INFO] HwResourcesManager:229 - sau Non-Secure Code added
2025-11-27 14:40:01,168 [INFO] HwResourcesManager:229 - sau Non-Secure RAM added
2025-11-27 14:40:01,171 [INFO] HwResourcesManager:229 - sau Non-Secure Peripherals added
2025-11-27 14:40:01,181 [INFO] HwResourcesManager:259 - mpcwm OctoSPI1 added
2025-11-27 14:40:01,188 [INFO] HwResourcesManager:259 - mpcwm FMC Bank1 added
2025-11-27 14:40:01,195 [INFO] HwResourcesManager:259 - mpcwm FMC Bank3 added
2025-11-27 14:40:01,203 [INFO] HwResourcesManager:259 - mpcwm Backup SRAM added
2025-11-27 14:40:01,209 [INFO] HwResourcesManager:259 - mpcwm OctoSPI2 added
2025-11-27 14:40:01,216 [INFO] HwResourcesManager:259 - mpcwm Flash Bank1 added
2025-11-27 14:40:01,221 [INFO] HwResourcesManager:259 - mpcwm Flash Bank2 added
2025-11-27 14:40:01,234 [INFO] HwResourcesManager:462 - Memory Region Flash_Bank1_NS added
2025-11-27 14:40:01,234 [INFO] HwResourcesManager:462 - Memory Region Flash_Bank2_NS added
2025-11-27 14:40:01,239 [INFO] HwResourcesManager:462 - Memory Region SRAM1_C_NS added
2025-11-27 14:40:01,240 [INFO] HwResourcesManager:462 - Memory Region SRAM2_C_NS added
2025-11-27 14:40:01,240 [INFO] HwResourcesManager:462 - Memory Region SRAM3_C_NS added
2025-11-27 14:40:01,245 [INFO] HwResourcesManager:462 - Memory Region Flash_Bank1_S added
2025-11-27 14:40:01,245 [INFO] HwResourcesManager:462 - Memory Region Flash_Bank2_S added
2025-11-27 14:40:01,249 [INFO] HwResourcesManager:462 - Memory Region SRAM1_C_S added
2025-11-27 14:40:01,250 [INFO] HwResourcesManager:462 - Memory Region SRAM2_C_S added
2025-11-27 14:40:01,250 [INFO] HwResourcesManager:462 - Memory Region SRAM3_C_S added
2025-11-27 14:40:01,256 [INFO] HwResourcesManager:462 - Memory Region SRAM1_NS added
2025-11-27 14:40:01,257 [INFO] HwResourcesManager:462 - Memory Region SRAM2_NS added
2025-11-27 14:40:01,257 [INFO] HwResourcesManager:462 - Memory Region SRAM3_NS added
2025-11-27 14:40:01,261 [INFO] HwResourcesManager:462 - Memory Region SRAM4_SRD_NS added
2025-11-27 14:40:01,266 [INFO] HwResourcesManager:462 - Memory Region SRAM1_S added
2025-11-27 14:40:01,266 [INFO] HwResourcesManager:462 - Memory Region SRAM2_S added
2025-11-27 14:40:01,266 [INFO] HwResourcesManager:462 - Memory Region SRAM3_S added
2025-11-27 14:40:01,270 [INFO] HwResourcesManager:462 - Memory Region SRAM4_SRD_S added
2025-11-27 14:40:01,273 [INFO] HwResourcesManager:462 - Memory Region Backup_SRAM_NS added
2025-11-27 14:40:01,276 [INFO] HwResourcesManager:462 - Memory Region Backup_SRAM_S added
2025-11-27 14:40:01,329 [INFO] HwResourcesManager:760 - Memory Region EXT_1 added
2025-11-27 14:40:01,330 [INFO] HwResourcesManager:760 - Memory Region EXT_2 added
2025-11-27 14:40:02,176 [WARN] IP:2250 - DefaultDataRegion not found: check if there is a RefParameter without a condition.
2025-11-27 14:40:02,179 [INFO] ImportTextPane:234 - (OptionalMessage_ERROR) IP (MEMORYMAP) : Invalid parameter (DefaultDataRegion)
2025-11-27 14:40:02,187 [WARN] IP:2250 - SRAM5PowerDownInRunMode not found: check if there is a RefParameter without a condition.
2025-11-27 14:40:02,188 [WARN] IP:2250 - RAM1Page4PowerDownInStopMode not found: check if there is a RefParameter without a condition.
2025-11-27 14:40:02,188 [WARN] IP:2250 - RAM1Page5PowerDownInStopMode not found: check if there is a RefParameter without a condition.
2025-11-27 14:40:02,188 [WARN] IP:2250 - RAM1Page6PowerDownInStopMode not found: check if there is a RefParameter without a condition.
2025-11-27 14:40:02,188 [WARN] IP:2250 - RAM1Page7PowerDownInStopMode not found: check if there is a RefParameter without a condition.
2025-11-27 14:40:02,188 [WARN] IP:2250 - RAM1Page8PowerDownInStopMode not found: check if there is a RefParameter without a condition.
2025-11-27 14:40:02,189 [WARN] IP:2250 - RAM1Page9PowerDownInStopMode not found: check if there is a RefParameter without a condition.
2025-11-27 14:40:02,189 [WARN] IP:2250 - RAM1Page10PowerDownInStopMode not found: check if there is a RefParameter without a condition.
2025-11-27 14:40:02,189 [WARN] IP:2250 - RAM1Page11PowerDownInStopMode not found: check if there is a RefParameter without a condition.
2025-11-27 14:40:02,189 [WARN] IP:2250 - RAM1Page12PowerDownInStopMode not found: check if there is a RefParameter without a condition.
2025-11-27 14:40:02,190 [WARN] IP:2250 - RAM3Page9PowerDownInStopMode not found: check if there is a RefParameter without a condition.
2025-11-27 14:40:02,190 [WARN] IP:2250 - RAM3Page10PowerDownInStopMode not found: check if there is a RefParameter without a condition.
2025-11-27 14:40:02,191 [WARN] IP:2250 - RAM3Page11PowerDownInStopMode not found: check if there is a RefParameter without a condition.
2025-11-27 14:40:02,191 [WARN] IP:2250 - RAM3Page12PowerDownInStopMode not found: check if there is a RefParameter without a condition.
2025-11-27 14:40:02,191 [WARN] IP:2250 - RAM3Page13PowerDownInStopMode not found: check if there is a RefParameter without a condition.
2025-11-27 14:40:02,191 [WARN] IP:2250 - RAM5Page1PowerDownInStopMode not found: check if there is a RefParameter without a condition.
2025-11-27 14:40:02,191 [WARN] IP:2250 - RAM5Page2PowerDownInStopMode not found: check if there is a RefParameter without a condition.
2025-11-27 14:40:02,191 [WARN] IP:2250 - RAM5Page3PowerDownInStopMode not found: check if there is a RefParameter without a condition.
2025-11-27 14:40:02,192 [WARN] IP:2250 - RAM5Page4PowerDownInStopMode not found: check if there is a RefParameter without a condition.
2025-11-27 14:40:02,192 [WARN] IP:2250 - RAM5Page5PowerDownInStopMode not found: check if there is a RefParameter without a condition.
2025-11-27 14:40:02,192 [WARN] IP:2250 - RAM5Page6PowerDownInStopMode not found: check if there is a RefParameter without a condition.
2025-11-27 14:40:02,192 [WARN] IP:2250 - RAM5Page7PowerDownInStopMode not found: check if there is a RefParameter without a condition.
2025-11-27 14:40:02,192 [WARN] IP:2250 - RAM5Page8PowerDownInStopMode not found: check if there is a RefParameter without a condition.
2025-11-27 14:40:02,192 [WARN] IP:2250 - RAM5Page9PowerDownInStopMode not found: check if there is a RefParameter without a condition.
2025-11-27 14:40:02,193 [WARN] IP:2250 - RAM5Page10PowerDownInStopMode not found: check if there is a RefParameter without a condition.
2025-11-27 14:40:02,193 [WARN] IP:2250 - RAM5Page11PowerDownInStopMode not found: check if there is a RefParameter without a condition.
2025-11-27 14:40:02,194 [WARN] IP:2250 - RAM5Page12PowerDownInStopMode not found: check if there is a RefParameter without a condition.
2025-11-27 14:40:02,194 [WARN] IP:2250 - RAM5Page13PowerDownInStopMode not found: check if there is a RefParameter without a condition.
2025-11-27 14:40:02,194 [WARN] IP:2250 - Dcache2PowerDownInStopMode not found: check if there is a RefParameter without a condition.
2025-11-27 14:40:02,195 [WARN] IP:2250 - GRAPHICPRAMPowerDownInStopMode not found: check if there is a RefParameter without a condition.
2025-11-27 14:40:02,195 [WARN] IP:2250 - DSIRAMPowerDownInStopMode not found: check if there is a RefParameter without a condition.
2025-11-27 14:40:02,202 [INFO] ImportTextPane:234 - (OptionalMessage_ERROR) IP (RCC) : Invalid parameter (FamilyName)
2025-11-27 14:40:02,205 [INFO] ImportTextPane:234 - (OptionalMessage_ERROR) IP (RCC) : Parameter (SAI1Freq_Value) has invalid value (258000000)
2025-11-27 14:40:02,206 [INFO] ImportTextPane:234 - (OptionalMessage_ERROR) IP (RCC) : Parameter (SAI2Freq_Value) has invalid value (258000000)
2025-11-27 14:40:03,095 [INFO] ApiDb:581 - Connected to CubeFinder SQLite database (/home/hhzamith/.stmcufinder/plugins/mcufinder/mcu/cube-finder-db.db)
2025-11-27 14:40:03,199 [INFO] ApiDb:668 - CubeFinder database Data Model version=2.1
2025-11-27 14:40:03,199 [INFO] ApiDb:669 - CubeFinder database Configuration version=3.0.39
2025-11-27 14:40:03,202 [INFO] ApiDb:670 - CubeFinder database generation date=2025-11-05 (1762334721)
2025-11-27 14:40:03,203 [INFO] ApiDb:671 - CubeFinder database FW Pack versions=[FP-ATR-ASTRA1_V2.0.0, FP-SNS-FLIGHT1_V5.1.0, FP-SNS-MOTENV1_V5.1.0, FP-SNS-MOTENVWB1_V1.4.0, FP-SNS-SMARTAG2_V1.2.0, FP-SNS-STBOX1_V2.1.0, STM32Cube_FW_C0_V1.4.0, STM32Cube_FW_F4_V1.28.3, STM32Cube_FW_F7_V1.17.4, STM32Cube_FW_G0_V1.6.2, STM32Cube_FW_G4_V1.6.1, STM32Cube_FW_H5_V1.5.1, STM32Cube_FW_H7RS_V1.3.0, STM32Cube_FW_H7_V1.12.1, STM32Cube_FW_L0_V1.12.2, STM32Cube_FW_L4_V1.18.1, STM32Cube_FW_L5_V1.6.0, STM32Cube_FW_N6_V1.3.0, STM32Cube_FW_U0_V1.3.0, STM32Cube_FW_U3_V1.2.1, STM32Cube_FW_U5_V1.8.0, STM32Cube_FW_WB0_V1.4.0, STM32Cube_FW_WBA_V1.8.0, STM32Cube_FW_WB_V1.24.0, STM32Cube_FW_WL3_V1.3.0, STM32Cube_FW_WL_V1.4.0, X-CUBE-ALGOBUILD_V1.4.0, X-CUBE-ALS_V1.0.2, X-CUBE-AZRTOS-F4_V1.1.0, X-CUBE-AZRTOS-F7_V1.1.0, X-CUBE-AZRTOS-G0_V1.1.0, X-CUBE-AZRTOS-G4_V2.0.0, X-CUBE-AZRTOS-H7RS_V1.1.0, X-CUBE-AZRTOS-H7_V3.4.0, X-CUBE-AZRTOS-L4_V2.0.0, X-CUBE-AZRTOS-L5_V2.0.0, X-CUBE-AZRTOS-WB_V2.0.0, X-CUBE-AZRTOS-WL_V2.0.0, X-CUBE-BLE1_V7.1.0, X-CUBE-BLE2_V3.3.0, X-CUBE-BLEMGR_V4.1.0, X-CUBE-EEPRMA1_V5.2.0, X-CUBE-FREERTOS_V1.3.1, X-CUBE-GNSS1_V6.0.0, X-CUBE-MEMS1_V11.3.0, X-CUBE-NFC4_V3.0.0, X-CUBE-NFC7_V2.0.0, X-CUBE-SFXS2LP1_V4.0.0, X-CUBE-ST67W61_V1.1.0, X-CUBE-SUBG2_V5.0.0, X-CUBE-TOF1_V3.4.3]
2025-11-27 14:40:03,295 [INFO] DbBoardsSqlite:226 - include board P-NUCLEO-WB55-NUCLEO as a kit item of type 'Nucleo-64'
2025-11-27 14:40:03,296 [INFO] DbBoardsSqlite:226 - include board P-NUCLEO-WB55-USBDONGLE as a kit item of type 'Nucleo USB Dongle'
2025-11-27 14:40:03,297 [INFO] DbBoardsSqlite:226 - include board STEVAL-IDP005V1 as a kit item of type 'Evaluation Board'
2025-11-27 14:40:03,297 [INFO] DbBoardsSqlite:226 - include board STEVAL-IDP005V2 as a kit item of type 'Evaluation Board'
2025-11-27 14:40:03,381 [INFO] ApiDb:240 - Found 880 in-development CPN: [B-G473E-ZEST1S, B-WB1M-WPAN1, B-WBA5M-WPAN, B-WL5M-SUBG1, NUCLEO-C031C6, NUCLEO-C051C8, NUCLEO-C071RB, NUCLEO-C092RC, NUCLEO-H503RB, NUCLEO-H533RE, NUCLEO-H563ZI, NUCLEO-H7S3L8, NUCLEO-N657X0-Q, NUCLEO-U031R8, NUCLEO-U083RC, NUCLEO-U385RG-Q, NUCLEO-U545RE-Q, NUCLEO-U5A5ZJ-Q, NUCLEO-WB05KZ, NUCLEO-WB07CC, NUCLEO-WB09KE, NUCLEO-WBA52CG, NUCLEO-WBA55CG, NUCLEO-WL33CC1, NUCLEO-WL33CC2, STEVAL-PROTEUS1, STEVAL-SMARTAG2, STEVAL-STWINBX1, STM320518-EVAL, STM32C0116-DK, STM32C011D6Y3TR, STM32C011D6Y6TR, STM32C011F4P3, STM32C011F4P6, STM32C011F4U3, STM32C011F4U6TR, STM32C011F6P3, STM32C011F6P6, STM32C011F6U3, STM32C011F6U6TR, STM32C011J4M3, STM32C011J4M6, STM32C011J6M3, STM32C011J6M6, STM32C0316-DK, STM32C031C4T3, STM32C031C4T6, STM32C031C4U3, STM32C031C4U6, STM32C031C6T3, STM32C031C6T6, STM32C031C6U3, STM32C031C6U6, STM32C031F4P3, STM32C031F4P6, STM32C031F6P3, STM32C031F6P6, STM32C031G4U3, STM32C031G4U6, STM32C031G6U3, STM32C031G6U6, STM32C031K4T3, STM32C031K4T6, STM32C031K4U3, STM32C031K4U6, STM32C031K6T3, STM32C031K6T6, STM32C031K6U3, STM32C031K6U6, STM32C051C6T6, STM32C051C6U6, STM32C051C8T6, STM32C051C8U6, STM32C051D8Y6TR, STM32C051F6P6, STM32C051F8P6, STM32C051G6U6, STM32C051G8U6, STM32C051K6T6, STM32C051K6U6, STM32C051K8T6, STM32C071C8T6, STM32C071C8T6N, STM32C071C8U6, STM32C071C8U6N, STM32C071CBT6, STM32C071CBT6N, STM32C071CBU6, STM32C071CBU6N, STM32C071F8P6, STM32C071F8P6N, STM32C071FBP6, STM32C071FBP6N, STM32C071FBY6TR, STM32C071G8U6, STM32C071G8U6N, STM32C071GBU6, STM32C071GBU6N, STM32C071K8T6, STM32C071K8T6N, STM32C071K8U6, STM32C071K8U6N, STM32C071KBT6, STM32C071KBT6N, STM32C071KBU6, STM32C071KBU6N, STM32C071R8T6, STM32C071R8T6N, STM32C071RBI6N, STM32C071RBT6, STM32C071RBT6N, STM32C091CBT6, STM32C091CBU6, STM32C091CCT6, STM32C091CCU6, STM32C091ECY6TR, STM32C091FBP6, STM32C091FCP6, STM32C091GBU6, STM32C091GCU6, STM32C091KBT6, STM32C091KBU6, STM32C091KCT6, STM32C091KCU6, STM32C091RBT6, STM32C091RCI6, STM32C091RCT6, STM32C092CBT6, STM32C092CBU6, STM32C092CCT6, STM32C092CCU6, STM32C092ECY6TR, STM32C092FBP6, STM32C092FCP6, STM32C092GBU6, STM32C092GCU6, STM32C092KBT6, STM32C092KBU6, STM32C092KCT6, STM32C092KCU6, STM32C092RBT6, STM32C092RCI6, STM32C092RCT6, STM32G071K8TXN, STM32G071K8UXN, STM32G081GBU6N, STM32G081KBT6N, STM32G081KBUXN, STM32G0B1CCT6N, STM32G0B1KCT6, STM32G0B1NEY6TR, STM32G0B1RCT6N, STM32G0C1CCT6, STM32G0C1CCT6N, STM32G0C1CCU6N, STM32G0C1CET6N, STM32G0C1CEU6N, STM32G0C1KCT6, STM32G0C1NEY6TR, STM32G0C1RCI6N, STM32G0C1RCT6N, STM32G0C1REI6N, STM32G0C1RET6N, STM32G0C1VCI6, STM32G0C1VEI6, STM32G411C6T3, STM32G411C6T6, STM32G411C6U3, STM32G411C6U6, STM32G411C8T3, STM32G411C8T6, STM32G411C8U3, STM32G411C8U6, STM32G411CBT3, STM32G411CBT6, STM32G411CBU3, STM32G411CBU6, STM32G411K6T3, STM32G411K6T6, STM32G411K6U3, STM32G411K6U6, STM32G411K8T3, STM32G411K8T6, STM32G411K8U3, STM32G411K8U6, STM32G411KBT3, STM32G411KBT6, STM32G411KBU3, STM32G411KBU6, STM32G411M6T3, STM32G411M6T6, STM32G411M8T3, STM32G411M8T6, STM32G411MBT3, STM32G411MBT6, STM32G411R6T3, STM32G411R6T6, STM32G411R8T3, STM32G411R8T6, STM32G411RBT3, STM32G411RBT6, STM32G414CBT3, STM32G414CBT6, STM32G414CBU3, STM32G414CBU6, STM32G414CCT3, STM32G414CCT6, STM32G414CCU3, STM32G414CCU6, STM32G414MBT3, STM32G414MBT6, STM32G414MCT3, STM32G414MCT6, STM32G414RBT3, STM32G414RBT6, STM32G414RCT3, STM32G414RCT6, STM32G414VBT3, STM32G414VBT6, STM32G414VCT3, STM32G414VCT6, STM32G431CBT3Z, STM32G431RBT3Z, STM32G471CCT6, STM32G471CCU6, STM32G471CET3, STM32G471CET6, STM32G471CEU3, STM32G471CEU6, STM32G471MCT6, STM32G471MET3, STM32G471MET6, STM32G471MEY6TR, STM32G471QCT6, STM32G471QET3, STM32G471RCT6, STM32G471RET3, STM32G471RET6, STM32G471VCH6, STM32G471VCI6, STM32G471VCT6, STM32G471VEH3, STM32G471VEH6, STM32G471VEI3, STM32G471VEI6, STM32G471VET3, STM32G471VET6, STM32G473QET3Z, STM32G473RET3Z, STM32G474CCT6, STM32G491RET3Z, STM32H503CBT6, STM32H503CBU6, STM32H503EBY6TR, STM32H503KBU6, STM32H503RBT6, STM32H523CCT6, STM32H523CCU6, STM32H523CET6, STM32H523CEU6, STM32H523HEY6TR, STM32H523RCT6, STM32H523RET6, STM32H523VCI6, STM32H523VCT6, STM32H523VEI6, STM32H523VET6, STM32H523ZCJ6, STM32H523ZCT6, STM32H523ZEJ6, STM32H523ZET6, STM32H533CET6, STM32H533CEU6, STM32H533HEY6TR, STM32H533RET6, STM32H533VEI6, STM32H533VET6, STM32H533ZEJ6, STM32H533ZET6, STM32H562AGI6, STM32H562AII6, STM32H562IGK6, STM32H562IGT6, STM32H562IIK6, STM32H562IIT6, STM32H562RGT6, STM32H562RGV6, STM32H562RIT6, STM32H562RIV6, STM32H562VGT6, STM32H562VIT6, STM32H562ZGT6, STM32H562ZIT6, STM32H563AGI6, STM32H563AII3Q, STM32H563AII6, STM32H563IGK6, STM32H563IGT6, STM32H563IIK3Q, STM32H563IIK6, STM32H563IIT3Q, STM32H563IIT6, STM32H563MIY3QTR, STM32H563RGT6, STM32H563RGV6, STM32H563RIT6, STM32H563RIV6, STM32H563VGT6, STM32H563VIT3Q, STM32H563VIT6, STM32H563ZGT6, STM32H563ZIT3Q, STM32H563ZIT6, STM32H573AII3Q, STM32H573AII6, STM32H573I-DK, STM32H573IIK3Q, STM32H573IIK6, STM32H573IIT3Q, STM32H573IIT6, STM32H573MIY3QTR, STM32H573RIT6, STM32H573RIV6, STM32H573VIT3Q, STM32H573VIT6, STM32H573ZIT3Q, STM32H573ZIT6, STM32H7R3A8I6, STM32H7R3I8K6, STM32H7R3I8T6, STM32H7R3L8H6, STM32H7R3L8H6H, STM32H7R3R8V6, STM32H7R3V8H6, STM32H7R3V8T6, STM32H7R3V8Y6TR, STM32H7R3Z8J6, STM32H7R3Z8T6, STM32H7R7A8I6, STM32H7R7I8K6, STM32H7R7I8T6, STM32H7R7L8H6, STM32H7R7L8H6H, STM32H7R7Z8J6, STM32H7S3A8I6, STM32H7S3I8K6, STM32H7S3I8T6, STM32H7S3L8H6, STM32H7S3L8H6H, STM32H7S3R8V6, STM32H7S3V8H6, STM32H7S3V8T6, STM32H7S3V8Y6TR, STM32H7S3Z8J6, STM32H7S3Z8T6, STM32H7S78-DK, STM32H7S7A8I6, STM32H7S7I8K6, STM32H7S7I8T6, STM32H7S7L8H6, STM32H7S7L8H6H, STM32H7S7Z8J6, STM32L4R5QGI6STR, STM32MP131AAE3, STM32MP131AAF3, STM32MP131AAG3, STM32MP131CAE3, STM32MP131CAF3, STM32MP131CAG3, STM32MP131DAE7, STM32MP131DAF7, STM32MP131DAG7, STM32MP131FAE7, STM32MP131FAF7, STM32MP131FAG7, STM32MP133AAE3, STM32MP133AAF3, STM32MP133AAG3, STM32MP133CAE3, STM32MP133CAF3, STM32MP133CAG3, STM32MP133DAE7, STM32MP133DAF7, STM32MP133DAG7, STM32MP133FAE7, STM32MP133FAF7, STM32MP133FAG7, STM32MP135AAE3, STM32MP135AAF3, STM32MP135AAG3, STM32MP135CAE3, STM32MP135CAF3, STM32MP135CAG3, STM32MP135DAE7, STM32MP135DAF7, STM32MP135DAG7, STM32MP135F-DK, STM32MP135FAE7, STM32MP135FAF7, STM32MP135FAF7T, STM32MP135FAF7U, STM32MP135FAG7, STM32MP211AAL3, STM32MP211AAM3, STM32MP211AAN3, STM32MP211AAO3, STM32MP211CAL3, STM32MP211CAM3, STM32MP211CAN3, STM32MP211CAO3, STM32MP211DAL3, STM32MP211DAM3, STM32MP211DAN3, STM32MP211DAO3, STM32MP211FAL3, STM32MP211FAM3, STM32MP211FAN3, STM32MP211FAO3, STM32MP213AAL3, STM32MP213AAM3, STM32MP213AAN3, STM32MP213AAO3, STM32MP213CAL3, STM32MP213CAM3, STM32MP213CAN3, STM32MP213CAO3, STM32MP213DAL3, STM32MP213DAM3, STM32MP213DAN3, STM32MP213DAO3, STM32MP213FAL3, STM32MP213FAM3, STM32MP213FAN3, STM32MP213FAO3, STM32MP215AAL3, STM32MP215AAM3, STM32MP215AAN3, STM32MP215AAO3, STM32MP215CAL3, STM32MP215CAM3, STM32MP215CAN3, STM32MP215CAO3, STM32MP215DAL3, STM32MP215DAM3, STM32MP215DAN3, STM32MP215DAO3, STM32MP215F-DK, STM32MP215FAL3, STM32MP215FAM3, STM32MP215FAN3, STM32MP215FAO3, STM32MP231AAJ3, STM32MP231AAK3, STM32MP231AAL3, STM32MP231CAJ3, STM32MP231CAK3, STM32MP231CAL3, STM32MP231DAJ3, STM32MP231DAK3, STM32MP231DAL3, STM32MP231FAJ3, STM32MP231FAK3, STM32MP231FAL3, STM32MP233AAJ3, STM32MP233AAK3, STM32MP233AAL3, STM32MP233CAJ3, STM32MP233CAK3, STM32MP233CAL3, STM32MP233DAJ3, STM32MP233DAK3, STM32MP233DAL3, STM32MP233FAJ3, STM32MP233FAK3, STM32MP233FAL3, STM32MP235AAJ3, STM32MP235AAK3, STM32MP235AAL3, STM32MP235CAJ3, STM32MP235CAK3, STM32MP235CAL3, STM32MP235DAJ3, STM32MP235DAK3, STM32MP235DAL3, STM32MP235FAJ3, STM32MP235FAK3, STM32MP235FAL3, STM32MP251AAI3, STM32MP251AAK3, STM32MP251AAL3, STM32MP251CAI3, STM32MP251CAK3, STM32MP251CAL3, STM32MP251DAI3, STM32MP251DAK3, STM32MP251DAL3, STM32MP251FAI3, STM32MP251FAK3, STM32MP251FAL3, STM32MP253AAI3, STM32MP253AAK3, STM32MP253AAL3, STM32MP253CAI3, STM32MP253CAK3, STM32MP253CAL3, STM32MP253DAI3, STM32MP253DAK3, STM32MP253DAL3, STM32MP253FAI3, STM32MP253FAK3, STM32MP253FAL3, STM32MP255AAI3, STM32MP255AAK3, STM32MP255AAL3, STM32MP255CAI3, STM32MP255CAK3, STM32MP255CAL3, STM32MP255DAI3, STM32MP255DAK3, STM32MP255DAL3, STM32MP255FAI3, STM32MP255FAK3, STM32MP255FAL3, STM32MP257AAI3, STM32MP257AAK3, STM32MP257AAL3, STM32MP257CAI3, STM32MP257CAK3, STM32MP257CAL3, STM32MP257DAI3, STM32MP257DAK3, STM32MP257DAL3, STM32MP257F-DK, STM32MP257F-EV1, STM32MP257FAI3, STM32MP257FAK3, STM32MP257FAL3, STM32N645A0H3Q, STM32N645B0H3Q, STM32N645I0H3Q, STM32N645L0H3Q, STM32N645X0H3Q, STM32N645Z0H3Q, STM32N647A0H3Q, STM32N647B0H3Q, STM32N647I0H3Q, STM32N647L0H3Q, STM32N647X0H3Q, STM32N647Z0H3Q, STM32N655A0H3Q, STM32N655B0H3Q, STM32N655I0H3Q, STM32N655L0H3Q, STM32N655X0H3Q, STM32N655Z0H3Q, STM32N6570-DK, STM32N657A0H3Q, STM32N657B0H3Q, STM32N657I0H3Q, STM32N657L0H3Q, STM32N657X0H3Q, STM32N657Z0H3Q, STM32U031C6T6, STM32U031C6U6, STM32U031C8T6, STM32U031C8U6, STM32U031F4P6, STM32U031F6P6, STM32U031F8P6, STM32U031G6Y6TR, STM32U031G8Y6TR, STM32U031K4U6, STM32U031K6U6, STM32U031K8U6, STM32U031R6I6, STM32U031R6T6, STM32U031R8I6, STM32U031R8T6, STM32U073C8T6, STM32U073C8U6, STM32U073CBT6, STM32U073CBU6, STM32U073CCT6, STM32U073CCU6, STM32U073H8Y6TR, STM32U073HBY6TR, STM32U073HCY6TR, STM32U073K8U6, STM32U073KBU6, STM32U073KCU6, STM32U073M8I6, STM32U073M8T6, STM32U073MBI6, STM32U073MBT6, STM32U073MCI6, STM32U073MCT6, STM32U073R8I6, STM32U073R8T6, STM32U073RBI6, STM32U073RBT6, STM32U073RCI6, STM32U073RCT6, STM32U083C-DK, STM32U083CCT6, STM32U083CCU6, STM32U083HCY6TR, STM32U083KCU6, STM32U083MCI6, STM32U083MCT6, STM32U083RCI6, STM32U083RCT6, STM32U375CET6, STM32U375CET6Q, STM32U375CEU6, STM32U375CEU6Q, STM32U375CEY6QTR, STM32U375CGT6, STM32U375CGT6Q, STM32U375CGU6, STM32U375CGU6Q, STM32U375CGY6QTR, STM32U375KEU6, STM32U375KGU6, STM32U375REI6, STM32U375REI6Q, STM32U375RET6, STM32U375RET6Q, STM32U375REY6GTR, STM32U375REY6QTR, STM32U375RGI6, STM32U375RGI6Q, STM32U375RGT6, STM32U375RGT6Q, STM32U375RGY6GTR, STM32U375RGY6QTR, STM32U375VEI6, STM32U375VEI6Q, STM32U375VET6, STM32U375VET6Q, STM32U375VGI6, STM32U375VGI6Q, STM32U375VGT6, STM32U375VGT6Q, STM32U385CGT6, STM32U385CGT6Q, STM32U385CGU6, STM32U385CGU6Q, STM32U385CGY6QTR, STM32U385KGU6, STM32U385RGI6, STM32U385RGI6Q, STM32U385RGT6, STM32U385RGT6Q, STM32U385RGY6GTR, STM32U385RGY6QTR, STM32U385VGI6, STM32U385VGI6Q, STM32U385VGT6, STM32U385VGT6Q, STM32U535CBT6, STM32U535CBT6Q, STM32U535CBU6, STM32U535CBU6Q, STM32U535CCT6, STM32U535CCT6Q, STM32U535CCU6, STM32U535CCU6Q, STM32U535CET6, STM32U535CET6Q, STM32U535CEU6, STM32U535CEU6Q, STM32U535JEY6QTR, STM32U535NCY6QTR, STM32U535NEY6QTR, STM32U535RBI6, STM32U535RBI6Q, STM32U535RBT6, STM32U535RBT6Q, STM32U535RCI6, STM32U535RCI6Q, STM32U535RCT6, STM32U535RCT6Q, STM32U535REI6, STM32U535REI6Q, STM32U535RET6, STM32U535RET6Q, STM32U535VCI6, STM32U535VCI6Q, STM32U535VCT6, STM32U535VCT6Q, STM32U535VEI6, STM32U535VEI6Q, STM32U535VET6, STM32U535VET6Q, STM32U545CET6, STM32U545CET6Q, STM32U545CEU6, STM32U545CEU6Q, STM32U545JEY6QTR, STM32U545NEY6QTR, STM32U545REI6, STM32U545REI6Q, STM32U545RET6, STM32U545RET6Q, STM32U545VEI6, STM32U545VEI6Q, STM32U545VET6, STM32U545VET6Q, STM32U595AIH6, STM32U595AIH6Q, STM32U595AJH6, STM32U595AJH6Q, STM32U595QII6, STM32U595QII6Q, STM32U595QJI6, STM32U595QJI6Q, STM32U595RIT6, STM32U595RIT6Q, STM32U595RJT6, STM32U595RJT6Q, STM32U595VIT6, STM32U595VIT6Q, STM32U595VJT6, STM32U595VJT6Q, STM32U595ZIT6, STM32U595ZIT6Q, STM32U595ZIY6QTR, STM32U595ZJT6, STM32U595ZJT6Q, STM32U595ZJY6QTR, STM32U599BJY6QTR, STM32U599NIH6Q, STM32U599NJH6Q, STM32U599VIT6Q, STM32U599VJT6, STM32U599VJT6Q, STM32U599ZIT6Q, STM32U599ZIY6QTR, STM32U599ZJT6Q, STM32U599ZJY6QTR, STM32U5A5AJH6, STM32U5A5AJH6Q, STM32U5A5QII3Q , STM32U5A5QJI6, STM32U5A5QJI6Q, STM32U5A5RJT6, STM32U5A5RJT6Q, STM32U5A5VJT6, STM32U5A5VJT6Q, STM32U5A5ZJT6, STM32U5A5ZJT6Q, STM32U5A5ZJY6QTR, STM32U5A9BJY6QTR, STM32U5A9J-DK, STM32U5A9NJH6Q, STM32U5A9VJT6Q, STM32U5A9ZJT6Q, STM32U5A9ZJY6QTR, STM32U5F7VIT6, STM32U5F7VIT6Q, STM32U5F7VJT6, STM32U5F7VJT6Q, STM32U5F9BJY6QTR, STM32U5F9NJH6Q, STM32U5F9VIT6Q, STM32U5F9VJT6Q, STM32U5F9ZIJ6QTR, STM32U5F9ZIT6Q, STM32U5F9ZJJ6QTR, STM32U5F9ZJT6Q, STM32U5G7VJT6, STM32U5G7VJT6Q, STM32U5G9BJY6QTR, STM32U5G9J-DK1, STM32U5G9J-DK2, STM32U5G9NJH6Q, STM32U5G9VJT6Q, STM32U5G9ZJJ6QTR, STM32U5G9ZJT6Q, STM32WB05KZV6TR, STM32WB05KZV7TR, STM32WB05TZF6TR, STM32WB05TZF7TR, STM32WB06CCF6TR, STM32WB06CCF7TR, STM32WB06CCV6TR, STM32WB06CCV7TR, STM32WB06KCV6TR, STM32WB06KCV7TR, STM32WB07CCF6TR, STM32WB07CCF7TR, STM32WB07CCV6TR, STM32WB07CCV7TR, STM32WB07KCV6TR, STM32WB07KCV7TR, STM32WB09KEV6TR, STM32WB09KEV7TR, STM32WB09TEF6TR, STM32WB09TEF7TR, STM32WB1MMCH6, STM32WBA50KGU6, STM32WBA50KGU6TR, STM32WBA52CEU6, STM32WBA52CEU6TR, STM32WBA52CEU7, STM32WBA52CEU7TR, STM32WBA52CGU6, STM32WBA52CGU6TR, STM32WBA52CGU6U, STM32WBA52CGU7, STM32WBA52CGU7TR, STM32WBA52KEU6, STM32WBA52KEU6TR, STM32WBA52KGU6, STM32WBA52KGU6TR, STM32WBA54CEU6, STM32WBA54CEU6TR, STM32WBA54CEU7, STM32WBA54CEU7TR, STM32WBA54CGU6, STM32WBA54CGU6TR, STM32WBA54CGU7, STM32WBA54CGU7TR, STM32WBA54KEU6, STM32WBA54KEU6TR, STM32WBA54KEU7, STM32WBA54KEU7TR, STM32WBA54KGU6, STM32WBA54KGU6TR, STM32WBA54KGU7, STM32WBA54KGU7TR, STM32WBA55CEU6, STM32WBA55CEU6TR, STM32WBA55CEU7, STM32WBA55CEU7TR, STM32WBA55CGU6, STM32WBA55CGU6TR, STM32WBA55CGU6U, STM32WBA55CGU7, STM32WBA55CGU7TR, STM32WBA55G-DK1, STM32WBA55HEF6, STM32WBA55HEF7, STM32WBA55HGF6, STM32WBA55HGF7, STM32WBA55UEI6, STM32WBA55UEI6TR, STM32WBA55UEI7, STM32WBA55UEI7TR, STM32WBA55UGI6, STM32WBA55UGI6TR, STM32WBA55UGI7, STM32WBA55UGI7TR, STM32WBA5MMGH6TR, STM32WBA62MGF6, STM32WBA62MIF6, STM32WBA65MGF7, STM32WBA65MIF6, STM32WBA65MIF7, STM32WL30K8V6, STM32WL30KBV6, STM32WL31C8V6, STM32WL31CBV6, STM32WL31K8V6, STM32WL31KBV6, STM32WL33C8V6, STM32WL33C8V6X, STM32WL33CBV6, STM32WL33CBV6X, STM32WL33CCV6, STM32WL33CCV6A, STM32WL33CCV6X, STM32WL33K8V7, STM32WL33K8V7X, STM32WL33KBV7 , STM32WL33KBV7X, STM32WL33KCV7, STM32WL33KCV7X, STM32WL5MOCH6, STM32WL5MOCH6TR]
2025-11-27 14:40:03,388 [INFO] ApiDb:668 - CubeFinder database Data Model version=2.1
2025-11-27 14:40:03,389 [INFO] ApiDb:669 - CubeFinder database Configuration version=3.0.39
2025-11-27 14:40:03,389 [INFO] ApiDb:670 - CubeFinder database generation date=2025-11-05 (1762334721)
2025-11-27 14:40:03,389 [INFO] ApiDb:671 - CubeFinder database FW Pack versions=[FP-ATR-ASTRA1_V2.0.0, FP-SNS-FLIGHT1_V5.1.0, FP-SNS-MOTENV1_V5.1.0, FP-SNS-MOTENVWB1_V1.4.0, FP-SNS-SMARTAG2_V1.2.0, FP-SNS-STBOX1_V2.1.0, STM32Cube_FW_C0_V1.4.0, STM32Cube_FW_F4_V1.28.3, STM32Cube_FW_F7_V1.17.4, STM32Cube_FW_G0_V1.6.2, STM32Cube_FW_G4_V1.6.1, STM32Cube_FW_H5_V1.5.1, STM32Cube_FW_H7RS_V1.3.0, STM32Cube_FW_H7_V1.12.1, STM32Cube_FW_L0_V1.12.2, STM32Cube_FW_L4_V1.18.1, STM32Cube_FW_L5_V1.6.0, STM32Cube_FW_N6_V1.3.0, STM32Cube_FW_U0_V1.3.0, STM32Cube_FW_U3_V1.2.1, STM32Cube_FW_U5_V1.8.0, STM32Cube_FW_WB0_V1.4.0, STM32Cube_FW_WBA_V1.8.0, STM32Cube_FW_WB_V1.24.0, STM32Cube_FW_WL3_V1.3.0, STM32Cube_FW_WL_V1.4.0, X-CUBE-ALGOBUILD_V1.4.0, X-CUBE-ALS_V1.0.2, X-CUBE-AZRTOS-F4_V1.1.0, X-CUBE-AZRTOS-F7_V1.1.0, X-CUBE-AZRTOS-G0_V1.1.0, X-CUBE-AZRTOS-G4_V2.0.0, X-CUBE-AZRTOS-H7RS_V1.1.0, X-CUBE-AZRTOS-H7_V3.4.0, X-CUBE-AZRTOS-L4_V2.0.0, X-CUBE-AZRTOS-L5_V2.0.0, X-CUBE-AZRTOS-WB_V2.0.0, X-CUBE-AZRTOS-WL_V2.0.0, X-CUBE-BLE1_V7.1.0, X-CUBE-BLE2_V3.3.0, X-CUBE-BLEMGR_V4.1.0, X-CUBE-EEPRMA1_V5.2.0, X-CUBE-FREERTOS_V1.3.1, X-CUBE-GNSS1_V6.0.0, X-CUBE-MEMS1_V11.3.0, X-CUBE-NFC4_V3.0.0, X-CUBE-NFC7_V2.0.0, X-CUBE-SFXS2LP1_V4.0.0, X-CUBE-ST67W61_V1.1.0, X-CUBE-SUBG2_V5.0.0, X-CUBE-TOF1_V3.4.3]
2025-11-27 14:40:06,635 [INFO] ApiDb:240 - Found 880 in-development CPN: [B-G473E-ZEST1S, B-WB1M-WPAN1, B-WBA5M-WPAN, B-WL5M-SUBG1, NUCLEO-C031C6, NUCLEO-C051C8, NUCLEO-C071RB, NUCLEO-C092RC, NUCLEO-H503RB, NUCLEO-H533RE, NUCLEO-H563ZI, NUCLEO-H7S3L8, NUCLEO-N657X0-Q, NUCLEO-U031R8, NUCLEO-U083RC, NUCLEO-U385RG-Q, NUCLEO-U545RE-Q, NUCLEO-U5A5ZJ-Q, NUCLEO-WB05KZ, NUCLEO-WB07CC, NUCLEO-WB09KE, NUCLEO-WBA52CG, NUCLEO-WBA55CG, NUCLEO-WL33CC1, NUCLEO-WL33CC2, STEVAL-PROTEUS1, STEVAL-SMARTAG2, STEVAL-STWINBX1, STM320518-EVAL, STM32C0116-DK, STM32C011D6Y3TR, STM32C011D6Y6TR, STM32C011F4P3, STM32C011F4P6, STM32C011F4U3, STM32C011F4U6TR, STM32C011F6P3, STM32C011F6P6, STM32C011F6U3, STM32C011F6U6TR, STM32C011J4M3, STM32C011J4M6, STM32C011J6M3, STM32C011J6M6, STM32C0316-DK, STM32C031C4T3, STM32C031C4T6, STM32C031C4U3, STM32C031C4U6, STM32C031C6T3, STM32C031C6T6, STM32C031C6U3, STM32C031C6U6, STM32C031F4P3, STM32C031F4P6, STM32C031F6P3, STM32C031F6P6, STM32C031G4U3, STM32C031G4U6, STM32C031G6U3, STM32C031G6U6, STM32C031K4T3, STM32C031K4T6, STM32C031K4U3, STM32C031K4U6, STM32C031K6T3, STM32C031K6T6, STM32C031K6U3, STM32C031K6U6, STM32C051C6T6, STM32C051C6U6, STM32C051C8T6, STM32C051C8U6, STM32C051D8Y6TR, STM32C051F6P6, STM32C051F8P6, STM32C051G6U6, STM32C051G8U6, STM32C051K6T6, STM32C051K6U6, STM32C051K8T6, STM32C071C8T6, STM32C071C8T6N, STM32C071C8U6, STM32C071C8U6N, STM32C071CBT6, STM32C071CBT6N, STM32C071CBU6, STM32C071CBU6N, STM32C071F8P6, STM32C071F8P6N, STM32C071FBP6, STM32C071FBP6N, STM32C071FBY6TR, STM32C071G8U6, STM32C071G8U6N, STM32C071GBU6, STM32C071GBU6N, STM32C071K8T6, STM32C071K8T6N, STM32C071K8U6, STM32C071K8U6N, STM32C071KBT6, STM32C071KBT6N, STM32C071KBU6, STM32C071KBU6N, STM32C071R8T6, STM32C071R8T6N, STM32C071RBI6N, STM32C071RBT6, STM32C071RBT6N, STM32C091CBT6, STM32C091CBU6, STM32C091CCT6, STM32C091CCU6, STM32C091ECY6TR, STM32C091FBP6, STM32C091FCP6, STM32C091GBU6, STM32C091GCU6, STM32C091KBT6, STM32C091KBU6, STM32C091KCT6, STM32C091KCU6, STM32C091RBT6, STM32C091RCI6, STM32C091RCT6, STM32C092CBT6, STM32C092CBU6, STM32C092CCT6, STM32C092CCU6, STM32C092ECY6TR, STM32C092FBP6, STM32C092FCP6, STM32C092GBU6, STM32C092GCU6, STM32C092KBT6, STM32C092KBU6, STM32C092KCT6, STM32C092KCU6, STM32C092RBT6, STM32C092RCI6, STM32C092RCT6, STM32G071K8TXN, STM32G071K8UXN, STM32G081GBU6N, STM32G081KBT6N, STM32G081KBUXN, STM32G0B1CCT6N, STM32G0B1KCT6, STM32G0B1NEY6TR, STM32G0B1RCT6N, STM32G0C1CCT6, STM32G0C1CCT6N, STM32G0C1CCU6N, STM32G0C1CET6N, STM32G0C1CEU6N, STM32G0C1KCT6, STM32G0C1NEY6TR, STM32G0C1RCI6N, STM32G0C1RCT6N, STM32G0C1REI6N, STM32G0C1RET6N, STM32G0C1VCI6, STM32G0C1VEI6, STM32G411C6T3, STM32G411C6T6, STM32G411C6U3, STM32G411C6U6, STM32G411C8T3, STM32G411C8T6, STM32G411C8U3, STM32G411C8U6, STM32G411CBT3, STM32G411CBT6, STM32G411CBU3, STM32G411CBU6, STM32G411K6T3, STM32G411K6T6, STM32G411K6U3, STM32G411K6U6, STM32G411K8T3, STM32G411K8T6, STM32G411K8U3, STM32G411K8U6, STM32G411KBT3, STM32G411KBT6, STM32G411KBU3, STM32G411KBU6, STM32G411M6T3, STM32G411M6T6, STM32G411M8T3, STM32G411M8T6, STM32G411MBT3, STM32G411MBT6, STM32G411R6T3, STM32G411R6T6, STM32G411R8T3, STM32G411R8T6, STM32G411RBT3, STM32G411RBT6, STM32G414CBT3, STM32G414CBT6, STM32G414CBU3, STM32G414CBU6, STM32G414CCT3, STM32G414CCT6, STM32G414CCU3, STM32G414CCU6, STM32G414MBT3, STM32G414MBT6, STM32G414MCT3, STM32G414MCT6, STM32G414RBT3, STM32G414RBT6, STM32G414RCT3, STM32G414RCT6, STM32G414VBT3, STM32G414VBT6, STM32G414VCT3, STM32G414VCT6, STM32G431CBT3Z, STM32G431RBT3Z, STM32G471CCT6, STM32G471CCU6, STM32G471CET3, STM32G471CET6, STM32G471CEU3, STM32G471CEU6, STM32G471MCT6, STM32G471MET3, STM32G471MET6, STM32G471MEY6TR, STM32G471QCT6, STM32G471QET3, STM32G471RCT6, STM32G471RET3, STM32G471RET6, STM32G471VCH6, STM32G471VCI6, STM32G471VCT6, STM32G471VEH3, STM32G471VEH6, STM32G471VEI3, STM32G471VEI6, STM32G471VET3, STM32G471VET6, STM32G473QET3Z, STM32G473RET3Z, STM32G474CCT6, STM32G491RET3Z, STM32H503CBT6, STM32H503CBU6, STM32H503EBY6TR, STM32H503KBU6, STM32H503RBT6, STM32H523CCT6, STM32H523CCU6, STM32H523CET6, STM32H523CEU6, STM32H523HEY6TR, STM32H523RCT6, STM32H523RET6, STM32H523VCI6, STM32H523VCT6, STM32H523VEI6, STM32H523VET6, STM32H523ZCJ6, STM32H523ZCT6, STM32H523ZEJ6, STM32H523ZET6, STM32H533CET6, STM32H533CEU6, STM32H533HEY6TR, STM32H533RET6, STM32H533VEI6, STM32H533VET6, STM32H533ZEJ6, STM32H533ZET6, STM32H562AGI6, STM32H562AII6, STM32H562IGK6, STM32H562IGT6, STM32H562IIK6, STM32H562IIT6, STM32H562RGT6, STM32H562RGV6, STM32H562RIT6, STM32H562RIV6, STM32H562VGT6, STM32H562VIT6, STM32H562ZGT6, STM32H562ZIT6, STM32H563AGI6, STM32H563AII3Q, STM32H563AII6, STM32H563IGK6, STM32H563IGT6, STM32H563IIK3Q, STM32H563IIK6, STM32H563IIT3Q, STM32H563IIT6, STM32H563MIY3QTR, STM32H563RGT6, STM32H563RGV6, STM32H563RIT6, STM32H563RIV6, STM32H563VGT6, STM32H563VIT3Q, STM32H563VIT6, STM32H563ZGT6, STM32H563ZIT3Q, STM32H563ZIT6, STM32H573AII3Q, STM32H573AII6, STM32H573I-DK, STM32H573IIK3Q, STM32H573IIK6, STM32H573IIT3Q, STM32H573IIT6, STM32H573MIY3QTR, STM32H573RIT6, STM32H573RIV6, STM32H573VIT3Q, STM32H573VIT6, STM32H573ZIT3Q, STM32H573ZIT6, STM32H7R3A8I6, STM32H7R3I8K6, STM32H7R3I8T6, STM32H7R3L8H6, STM32H7R3L8H6H, STM32H7R3R8V6, STM32H7R3V8H6, STM32H7R3V8T6, STM32H7R3V8Y6TR, STM32H7R3Z8J6, STM32H7R3Z8T6, STM32H7R7A8I6, STM32H7R7I8K6, STM32H7R7I8T6, STM32H7R7L8H6, STM32H7R7L8H6H, STM32H7R7Z8J6, STM32H7S3A8I6, STM32H7S3I8K6, STM32H7S3I8T6, STM32H7S3L8H6, STM32H7S3L8H6H, STM32H7S3R8V6, STM32H7S3V8H6, STM32H7S3V8T6, STM32H7S3V8Y6TR, STM32H7S3Z8J6, STM32H7S3Z8T6, STM32H7S78-DK, STM32H7S7A8I6, STM32H7S7I8K6, STM32H7S7I8T6, STM32H7S7L8H6, STM32H7S7L8H6H, STM32H7S7Z8J6, STM32L4R5QGI6STR, STM32MP131AAE3, STM32MP131AAF3, STM32MP131AAG3, STM32MP131CAE3, STM32MP131CAF3, STM32MP131CAG3, STM32MP131DAE7, STM32MP131DAF7, STM32MP131DAG7, STM32MP131FAE7, STM32MP131FAF7, STM32MP131FAG7, STM32MP133AAE3, STM32MP133AAF3, STM32MP133AAG3, STM32MP133CAE3, STM32MP133CAF3, STM32MP133CAG3, STM32MP133DAE7, STM32MP133DAF7, STM32MP133DAG7, STM32MP133FAE7, STM32MP133FAF7, STM32MP133FAG7, STM32MP135AAE3, STM32MP135AAF3, STM32MP135AAG3, STM32MP135CAE3, STM32MP135CAF3, STM32MP135CAG3, STM32MP135DAE7, STM32MP135DAF7, STM32MP135DAG7, STM32MP135F-DK, STM32MP135FAE7, STM32MP135FAF7, STM32MP135FAF7T, STM32MP135FAF7U, STM32MP135FAG7, STM32MP211AAL3, STM32MP211AAM3, STM32MP211AAN3, STM32MP211AAO3, STM32MP211CAL3, STM32MP211CAM3, STM32MP211CAN3, STM32MP211CAO3, STM32MP211DAL3, STM32MP211DAM3, STM32MP211DAN3, STM32MP211DAO3, STM32MP211FAL3, STM32MP211FAM3, STM32MP211FAN3, STM32MP211FAO3, STM32MP213AAL3, STM32MP213AAM3, STM32MP213AAN3, STM32MP213AAO3, STM32MP213CAL3, STM32MP213CAM3, STM32MP213CAN3, STM32MP213CAO3, STM32MP213DAL3, STM32MP213DAM3, STM32MP213DAN3, STM32MP213DAO3, STM32MP213FAL3, STM32MP213FAM3, STM32MP213FAN3, STM32MP213FAO3, STM32MP215AAL3, STM32MP215AAM3, STM32MP215AAN3, STM32MP215AAO3, STM32MP215CAL3, STM32MP215CAM3, STM32MP215CAN3, STM32MP215CAO3, STM32MP215DAL3, STM32MP215DAM3, STM32MP215DAN3, STM32MP215DAO3, STM32MP215F-DK, STM32MP215FAL3, STM32MP215FAM3, STM32MP215FAN3, STM32MP215FAO3, STM32MP231AAJ3, STM32MP231AAK3, STM32MP231AAL3, STM32MP231CAJ3, STM32MP231CAK3, STM32MP231CAL3, STM32MP231DAJ3, STM32MP231DAK3, STM32MP231DAL3, STM32MP231FAJ3, STM32MP231FAK3, STM32MP231FAL3, STM32MP233AAJ3, STM32MP233AAK3, STM32MP233AAL3, STM32MP233CAJ3, STM32MP233CAK3, STM32MP233CAL3, STM32MP233DAJ3, STM32MP233DAK3, STM32MP233DAL3, STM32MP233FAJ3, STM32MP233FAK3, STM32MP233FAL3, STM32MP235AAJ3, STM32MP235AAK3, STM32MP235AAL3, STM32MP235CAJ3, STM32MP235CAK3, STM32MP235CAL3, STM32MP235DAJ3, STM32MP235DAK3, STM32MP235DAL3, STM32MP235FAJ3, STM32MP235FAK3, STM32MP235FAL3, STM32MP251AAI3, STM32MP251AAK3, STM32MP251AAL3, STM32MP251CAI3, STM32MP251CAK3, STM32MP251CAL3, STM32MP251DAI3, STM32MP251DAK3, STM32MP251DAL3, STM32MP251FAI3, STM32MP251FAK3, STM32MP251FAL3, STM32MP253AAI3, STM32MP253AAK3, STM32MP253AAL3, STM32MP253CAI3, STM32MP253CAK3, STM32MP253CAL3, STM32MP253DAI3, STM32MP253DAK3, STM32MP253DAL3, STM32MP253FAI3, STM32MP253FAK3, STM32MP253FAL3, STM32MP255AAI3, STM32MP255AAK3, STM32MP255AAL3, STM32MP255CAI3, STM32MP255CAK3, STM32MP255CAL3, STM32MP255DAI3, STM32MP255DAK3, STM32MP255DAL3, STM32MP255FAI3, STM32MP255FAK3, STM32MP255FAL3, STM32MP257AAI3, STM32MP257AAK3, STM32MP257AAL3, STM32MP257CAI3, STM32MP257CAK3, STM32MP257CAL3, STM32MP257DAI3, STM32MP257DAK3, STM32MP257DAL3, STM32MP257F-DK, STM32MP257F-EV1, STM32MP257FAI3, STM32MP257FAK3, STM32MP257FAL3, STM32N645A0H3Q, STM32N645B0H3Q, STM32N645I0H3Q, STM32N645L0H3Q, STM32N645X0H3Q, STM32N645Z0H3Q, STM32N647A0H3Q, STM32N647B0H3Q, STM32N647I0H3Q, STM32N647L0H3Q, STM32N647X0H3Q, STM32N647Z0H3Q, STM32N655A0H3Q, STM32N655B0H3Q, STM32N655I0H3Q, STM32N655L0H3Q, STM32N655X0H3Q, STM32N655Z0H3Q, STM32N6570-DK, STM32N657A0H3Q, STM32N657B0H3Q, STM32N657I0H3Q, STM32N657L0H3Q, STM32N657X0H3Q, STM32N657Z0H3Q, STM32U031C6T6, STM32U031C6U6, STM32U031C8T6, STM32U031C8U6, STM32U031F4P6, STM32U031F6P6, STM32U031F8P6, STM32U031G6Y6TR, STM32U031G8Y6TR, STM32U031K4U6, STM32U031K6U6, STM32U031K8U6, STM32U031R6I6, STM32U031R6T6, STM32U031R8I6, STM32U031R8T6, STM32U073C8T6, STM32U073C8U6, STM32U073CBT6, STM32U073CBU6, STM32U073CCT6, STM32U073CCU6, STM32U073H8Y6TR, STM32U073HBY6TR, STM32U073HCY6TR, STM32U073K8U6, STM32U073KBU6, STM32U073KCU6, STM32U073M8I6, STM32U073M8T6, STM32U073MBI6, STM32U073MBT6, STM32U073MCI6, STM32U073MCT6, STM32U073R8I6, STM32U073R8T6, STM32U073RBI6, STM32U073RBT6, STM32U073RCI6, STM32U073RCT6, STM32U083C-DK, STM32U083CCT6, STM32U083CCU6, STM32U083HCY6TR, STM32U083KCU6, STM32U083MCI6, STM32U083MCT6, STM32U083RCI6, STM32U083RCT6, STM32U375CET6, STM32U375CET6Q, STM32U375CEU6, STM32U375CEU6Q, STM32U375CEY6QTR, STM32U375CGT6, STM32U375CGT6Q, STM32U375CGU6, STM32U375CGU6Q, STM32U375CGY6QTR, STM32U375KEU6, STM32U375KGU6, STM32U375REI6, STM32U375REI6Q, STM32U375RET6, STM32U375RET6Q, STM32U375REY6GTR, STM32U375REY6QTR, STM32U375RGI6, STM32U375RGI6Q, STM32U375RGT6, STM32U375RGT6Q, STM32U375RGY6GTR, STM32U375RGY6QTR, STM32U375VEI6, STM32U375VEI6Q, STM32U375VET6, STM32U375VET6Q, STM32U375VGI6, STM32U375VGI6Q, STM32U375VGT6, STM32U375VGT6Q, STM32U385CGT6, STM32U385CGT6Q, STM32U385CGU6, STM32U385CGU6Q, STM32U385CGY6QTR, STM32U385KGU6, STM32U385RGI6, STM32U385RGI6Q, STM32U385RGT6, STM32U385RGT6Q, STM32U385RGY6GTR, STM32U385RGY6QTR, STM32U385VGI6, STM32U385VGI6Q, STM32U385VGT6, STM32U385VGT6Q, STM32U535CBT6, STM32U535CBT6Q, STM32U535CBU6, STM32U535CBU6Q, STM32U535CCT6, STM32U535CCT6Q, STM32U535CCU6, STM32U535CCU6Q, STM32U535CET6, STM32U535CET6Q, STM32U535CEU6, STM32U535CEU6Q, STM32U535JEY6QTR, STM32U535NCY6QTR, STM32U535NEY6QTR, STM32U535RBI6, STM32U535RBI6Q, STM32U535RBT6, STM32U535RBT6Q, STM32U535RCI6, STM32U535RCI6Q, STM32U535RCT6, STM32U535RCT6Q, STM32U535REI6, STM32U535REI6Q, STM32U535RET6, STM32U535RET6Q, STM32U535VCI6, STM32U535VCI6Q, STM32U535VCT6, STM32U535VCT6Q, STM32U535VEI6, STM32U535VEI6Q, STM32U535VET6, STM32U535VET6Q, STM32U545CET6, STM32U545CET6Q, STM32U545CEU6, STM32U545CEU6Q, STM32U545JEY6QTR, STM32U545NEY6QTR, STM32U545REI6, STM32U545REI6Q, STM32U545RET6, STM32U545RET6Q, STM32U545VEI6, STM32U545VEI6Q, STM32U545VET6, STM32U545VET6Q, STM32U595AIH6, STM32U595AIH6Q, STM32U595AJH6, STM32U595AJH6Q, STM32U595QII6, STM32U595QII6Q, STM32U595QJI6, STM32U595QJI6Q, STM32U595RIT6, STM32U595RIT6Q, STM32U595RJT6, STM32U595RJT6Q, STM32U595VIT6, STM32U595VIT6Q, STM32U595VJT6, STM32U595VJT6Q, STM32U595ZIT6, STM32U595ZIT6Q, STM32U595ZIY6QTR, STM32U595ZJT6, STM32U595ZJT6Q, STM32U595ZJY6QTR, STM32U599BJY6QTR, STM32U599NIH6Q, STM32U599NJH6Q, STM32U599VIT6Q, STM32U599VJT6, STM32U599VJT6Q, STM32U599ZIT6Q, STM32U599ZIY6QTR, STM32U599ZJT6Q, STM32U599ZJY6QTR, STM32U5A5AJH6, STM32U5A5AJH6Q, STM32U5A5QII3Q , STM32U5A5QJI6, STM32U5A5QJI6Q, STM32U5A5RJT6, STM32U5A5RJT6Q, STM32U5A5VJT6, STM32U5A5VJT6Q, STM32U5A5ZJT6, STM32U5A5ZJT6Q, STM32U5A5ZJY6QTR, STM32U5A9BJY6QTR, STM32U5A9J-DK, STM32U5A9NJH6Q, STM32U5A9VJT6Q, STM32U5A9ZJT6Q, STM32U5A9ZJY6QTR, STM32U5F7VIT6, STM32U5F7VIT6Q, STM32U5F7VJT6, STM32U5F7VJT6Q, STM32U5F9BJY6QTR, STM32U5F9NJH6Q, STM32U5F9VIT6Q, STM32U5F9VJT6Q, STM32U5F9ZIJ6QTR, STM32U5F9ZIT6Q, STM32U5F9ZJJ6QTR, STM32U5F9ZJT6Q, STM32U5G7VJT6, STM32U5G7VJT6Q, STM32U5G9BJY6QTR, STM32U5G9J-DK1, STM32U5G9J-DK2, STM32U5G9NJH6Q, STM32U5G9VJT6Q, STM32U5G9ZJJ6QTR, STM32U5G9ZJT6Q, STM32WB05KZV6TR, STM32WB05KZV7TR, STM32WB05TZF6TR, STM32WB05TZF7TR, STM32WB06CCF6TR, STM32WB06CCF7TR, STM32WB06CCV6TR, STM32WB06CCV7TR, STM32WB06KCV6TR, STM32WB06KCV7TR, STM32WB07CCF6TR, STM32WB07CCF7TR, STM32WB07CCV6TR, STM32WB07CCV7TR, STM32WB07KCV6TR, STM32WB07KCV7TR, STM32WB09KEV6TR, STM32WB09KEV7TR, STM32WB09TEF6TR, STM32WB09TEF7TR, STM32WB1MMCH6, STM32WBA50KGU6, STM32WBA50KGU6TR, STM32WBA52CEU6, STM32WBA52CEU6TR, STM32WBA52CEU7, STM32WBA52CEU7TR, STM32WBA52CGU6, STM32WBA52CGU6TR, STM32WBA52CGU6U, STM32WBA52CGU7, STM32WBA52CGU7TR, STM32WBA52KEU6, STM32WBA52KEU6TR, STM32WBA52KGU6, STM32WBA52KGU6TR, STM32WBA54CEU6, STM32WBA54CEU6TR, STM32WBA54CEU7, STM32WBA54CEU7TR, STM32WBA54CGU6, STM32WBA54CGU6TR, STM32WBA54CGU7, STM32WBA54CGU7TR, STM32WBA54KEU6, STM32WBA54KEU6TR, STM32WBA54KEU7, STM32WBA54KEU7TR, STM32WBA54KGU6, STM32WBA54KGU6TR, STM32WBA54KGU7, STM32WBA54KGU7TR, STM32WBA55CEU6, STM32WBA55CEU6TR, STM32WBA55CEU7, STM32WBA55CEU7TR, STM32WBA55CGU6, STM32WBA55CGU6TR, STM32WBA55CGU6U, STM32WBA55CGU7, STM32WBA55CGU7TR, STM32WBA55G-DK1, STM32WBA55HEF6, STM32WBA55HEF7, STM32WBA55HGF6, STM32WBA55HGF7, STM32WBA55UEI6, STM32WBA55UEI6TR, STM32WBA55UEI7, STM32WBA55UEI7TR, STM32WBA55UGI6, STM32WBA55UGI6TR, STM32WBA55UGI7, STM32WBA55UGI7TR, STM32WBA5MMGH6TR, STM32WBA62MGF6, STM32WBA62MIF6, STM32WBA65MGF7, STM32WBA65MIF6, STM32WBA65MIF7, STM32WL30K8V6, STM32WL30KBV6, STM32WL31C8V6, STM32WL31CBV6, STM32WL31K8V6, STM32WL31KBV6, STM32WL33C8V6, STM32WL33C8V6X, STM32WL33CBV6, STM32WL33CBV6X, STM32WL33CCV6, STM32WL33CCV6A, STM32WL33CCV6X, STM32WL33K8V7, STM32WL33K8V7X, STM32WL33KBV7 , STM32WL33KBV7X, STM32WL33KCV7, STM32WL33KCV7X, STM32WL5MOCH6, STM32WL5MOCH6TR]
2025-11-27 14:40:06,642 [INFO] DbMcus:218 - Found 4876 MCUs, 4876 are supported
2025-11-27 14:40:06,643 [INFO] ApiDb:423 - Load user favorites file /home/hhzamith/.stm32cubeide/favorites.mcus.txt: 0 item(s)
2025-11-27 14:40:06,643 [INFO] ApiDb:427 - User favorites MCUs=[]
2025-11-27 14:40:06,644 [INFO] DbMcus:224 - Set 0 / 0 favorites MCUs
2025-11-27 14:40:07,340 [INFO] BoardInfo:889 - No configuration file found for board P-NUCLEO-WB55
2025-11-27 14:40:07,340 [INFO] DbBoards:161 - Kit is not supported: P-NUCLEO-WB55
2025-11-27 14:40:07,345 [INFO] BoardInfo:889 - No configuration file found for board STEVAL-BFA001V1B
2025-11-27 14:40:07,345 [INFO] DbBoards:161 - Kit is not supported: STEVAL-BFA001V1B
2025-11-27 14:40:07,346 [INFO] BoardInfo:889 - No configuration file found for board STEVAL-BFA001V2B
2025-11-27 14:40:07,347 [INFO] DbBoards:161 - Kit is not supported: STEVAL-BFA001V2B
2025-11-27 14:40:07,468 [INFO] DbBoards:168 - Found 212 boards, 209 are supported
2025-11-27 14:40:07,468 [INFO] DbBoards:169 - Found 212 boards, 43 of them is supported for  Bsp
2025-11-27 14:40:07,480 [INFO] ApiDb:423 - Load user favorites file /home/hhzamith/.stm32cubeide/favorites.boards.txt: 1 item(s)
2025-11-27 14:40:07,480 [INFO] ApiDb:427 - User favorites Boards=[B-U585I-IOT02A]
2025-11-27 14:40:07,480 [INFO] DbBoards:198 - Set 1 / 1 favorites Boards
2025-11-27 14:40:07,551 [INFO] UtilMem:75 - End LoadConfig() Used Memory: 567432024 Bytes (792723456)
2025-11-27 14:40:07,893 [WARN] ThirdParty:833 - waiting for thirdparty lock release [change project]
2025-11-27 14:40:07,894 [INFO] ThirdParty:835 - entering critical section [change project]
2025-11-27 14:40:07,894 [INFO] ThirdParty:1030 - CMSIS Pack Vendor :STMicroelectronics X-CUBE-PM33A1 1.0.0
2025-11-27 14:40:07,894 [INFO] ThirdParty:1030 - CMSIS Pack Vendor :STMicroelectronics USBPD 4.1
2025-11-27 14:40:07,895 [INFO] ThirdParty:1030 - CMSIS Pack Vendor :STMicroelectronics X-CUBE-NFC9 1.0.0
2025-11-27 14:40:07,895 [INFO] ThirdParty:1030 - CMSIS Pack Vendor :STMicroelectronics USB_HOST 2.0.0
2025-11-27 14:40:07,895 [INFO] ThirdParty:1030 - CMSIS Pack Vendor :STMicroelectronics FP-SNS-MOTENVWB1 1.4.0
2025-11-27 14:40:07,895 [INFO] ThirdParty:1030 - CMSIS Pack Vendor :STMicroelectronics X-CUBE-AZRTOS-F4 1.1.0
2025-11-27 14:40:07,895 [INFO] ThirdParty:1030 - CMSIS Pack Vendor :STMicroelectronics LIBJPEG 8.0.0
2025-11-27 14:40:07,895 [INFO] ThirdParty:1030 - CMSIS Pack Vendor :STMicroelectronics FP-ATR-ASTRA1 2.0.2
2025-11-27 14:40:07,895 [INFO] ThirdParty:1030 - CMSIS Pack Vendor :wolfSSL I-CUBE-wolfSSL 5.8.2
2025-11-27 14:40:07,895 [INFO] ThirdParty:1030 - CMSIS Pack Vendor :STMicroelectronics X-CUBE-BLE1 7.1.0
2025-11-27 14:40:07,895 [INFO] ThirdParty:1030 - CMSIS Pack Vendor :STMicroelectronics X-CUBE-SMBUS 2.1.0
2025-11-27 14:40:07,895 [INFO] ThirdParty:1030 - CMSIS Pack Vendor :wolfSSL I-CUBE-wolfMQTT 1.19.2
2025-11-27 14:40:07,895 [INFO] ThirdParty:1030 - CMSIS Pack Vendor :STMicroelectronics USB_DEVICE 3.0.0
2025-11-27 14:40:07,895 [INFO] ThirdParty:1030 - CMSIS Pack Vendor :STMicroelectronics X-CUBE-ISPU 2.1.0
2025-11-27 14:40:07,896 [INFO] ThirdParty:1030 - CMSIS Pack Vendor :STMicroelectronics X-CUBE-FREERTOS 1.4.0
2025-11-27 14:40:07,896 [INFO] ThirdParty:1030 - CMSIS Pack Vendor :STMicroelectronics X-CUBE-EEPRMA1 5.2.0
2025-11-27 14:40:07,896 [INFO] ThirdParty:1030 - CMSIS Pack Vendor :STMicroelectronics X-CUBE-IPS 3.2.0
2025-11-27 14:40:07,896 [INFO] ThirdParty:1030 - CMSIS Pack Vendor :STMicroelectronics X-CUBE-BLEMGR 4.1.0
2025-11-27 14:40:07,896 [INFO] ThirdParty:1030 - CMSIS Pack Vendor :STMicroelectronics X-CUBE-AZRTOS-WB 2.0.0
2025-11-27 14:40:07,896 [INFO] ThirdParty:1030 - CMSIS Pack Vendor :STMicroelectronics X-CUBE-GNSS1 7.0.1
2025-11-27 14:40:07,896 [INFO] ThirdParty:1030 - CMSIS Pack Vendor :STMicroelectronics X-CUBE-NFC12 1.0.0
2025-11-27 14:40:07,896 [INFO] ThirdParty:1030 - CMSIS Pack Vendor :STMicroelectronics X-CUBE-AZRTOS-F7 1.1.0
2025-11-27 14:40:07,896 [INFO] ThirdParty:1030 - CMSIS Pack Vendor :STMicroelectronics X-CUBE-AZRTOS-L5 2.0.0
2025-11-27 14:40:07,896 [INFO] ThirdParty:1030 - CMSIS Pack Vendor :STMicroelectronics USB_DEVICE 2.0.0
2025-11-27 14:40:07,896 [INFO] ThirdParty:1030 - CMSIS Pack Vendor :STMicroelectronics X-CUBE-NFC6 3.1.0
2025-11-27 14:40:07,897 [INFO] ThirdParty:1030 - CMSIS Pack Vendor :STMicroelectronics X-CUBE-ST67W61 1.1.0
2025-11-27 14:40:07,897 [INFO] ThirdParty:1030 - CMSIS Pack Vendor :Cesanta I-CUBE-Mongoose 7.19.0
2025-11-27 14:40:07,897 [INFO] ThirdParty:1030 - CMSIS Pack Vendor :quantropi X-CUBE-qispace-sdk-base 2.1.0
2025-11-27 14:40:07,897 [INFO] ThirdParty:1030 - CMSIS Pack Vendor :STMicroelectronics X-CUBE-MEMS1 12.0.0
2025-11-27 14:40:07,897 [INFO] ThirdParty:1030 - CMSIS Pack Vendor :STMicroelectronics FP-SNS-MOTENV1 5.1.0
2025-11-27 14:40:07,897 [INFO] ThirdParty:1030 - CMSIS Pack Vendor :STMicroelectronics FreeRTOS 0.0.1
2025-11-27 14:40:07,897 [INFO] ThirdParty:1030 - CMSIS Pack Vendor :STMicroelectronics X-CUBE-AZRTOS-G0 1.1.0
2025-11-27 14:40:07,897 [INFO] ThirdParty:1030 - CMSIS Pack Vendor :STMicroelectronics X-CUBE-SAFEA1 1.2.2
2025-11-27 14:40:07,897 [INFO] ThirdParty:1030 - CMSIS Pack Vendor :STMicroelectronics X-CUBE-NFC4 3.0.0
2025-11-27 14:40:07,898 [INFO] ThirdParty:1030 - CMSIS Pack Vendor :STMicroelectronics X-CUBE-SUBG2 5.0.0
2025-11-27 14:40:07,898 [INFO] ThirdParty:1030 - CMSIS Pack Vendor :STMicroelectronics X-CUBE-AZRTOS-H7RS 1.1.0
2025-11-27 14:40:07,898 [INFO] ThirdParty:1030 - CMSIS Pack Vendor :STMicroelectronics STM32_WPAN 1.0.0
2025-11-27 14:40:07,898 [INFO] ThirdParty:1030 - CMSIS Pack Vendor :EmbeddedOffice I-CUBE-FS-RTOS 1.0.1
2025-11-27 14:40:07,898 [INFO] ThirdParty:1030 - CMSIS Pack Vendor :STMicroelectronics lwIP 2.0.3
2025-11-27 14:40:07,898 [INFO] ThirdParty:1030 - CMSIS Pack Vendor :WES I-CUBE-Cesium 1.4.0
2025-11-27 14:40:07,898 [INFO] ThirdParty:1030 - CMSIS Pack Vendor :STMicroelectronics USB_HOST 1.0.0
2025-11-27 14:40:07,898 [INFO] ThirdParty:1030 - CMSIS Pack Vendor :Infineon AIROC-Wi-Fi-Bluetooth-STM32 1.7.1
2025-11-27 14:40:07,898 [INFO] ThirdParty:1030 - CMSIS Pack Vendor :STMicroelectronics X-CUBE-AZRTOS-G4 2.0.0
2025-11-27 14:40:07,898 [INFO] ThirdParty:1030 - CMSIS Pack Vendor :STMicroelectronics X-CUBE-WB05N 2.0.0
2025-11-27 14:40:07,899 [INFO] ThirdParty:1030 - CMSIS Pack Vendor :STMicroelectronics PDM2PCM 3.1.0
2025-11-27 14:40:07,899 [INFO] ThirdParty:1030 - CMSIS Pack Vendor :STMicroelectronics PDM2PCM 3.3.0
2025-11-27 14:40:07,899 [INFO] ThirdParty:1030 - CMSIS Pack Vendor :wolfSSL I-CUBE-wolfTPM 3.8.0
2025-11-27 14:40:07,899 [INFO] ThirdParty:1030 - CMSIS Pack Vendor :STMicroelectronics X-CUBE-AZRTOS-H7 3.4.0
2025-11-27 14:40:07,899 [INFO] ThirdParty:1030 - CMSIS Pack Vendor :STMicroelectronics X-CUBE-DISPLAY 3.0.0
2025-11-27 14:40:07,899 [INFO] ThirdParty:1030 - CMSIS Pack Vendor :wolfSSL I-CUBE-wolfSSH 1.4.20
2025-11-27 14:40:07,899 [INFO] ThirdParty:1030 - CMSIS Pack Vendor :STMicroelectronics X-CUBE-NFC7 2.0.0
2025-11-27 14:40:07,899 [INFO] ThirdParty:1030 - CMSIS Pack Vendor :STMicroelectronics X-CUBE-TCPP 4.2.0
2025-11-27 14:40:07,899 [INFO] ThirdParty:1030 - CMSIS Pack Vendor :RealThread X-CUBE-RT-Thread_Nano 4.1.1
2025-11-27 14:40:07,899 [INFO] ThirdParty:1030 - CMSIS Pack Vendor :STMicroelectronics FP-ATR-SIGFOX1 3.2.0
2025-11-27 14:40:07,899 [INFO] ThirdParty:1030 - CMSIS Pack Vendor :STMicroelectronics X-CUBE-NFC10 1.0.0
2025-11-27 14:40:07,900 [INFO] ThirdParty:1030 - CMSIS Pack Vendor :STMicroelectronics X-CUBE-FREERTOS 1.3.1
2025-11-27 14:40:07,900 [INFO] ThirdParty:1030 - CMSIS Pack Vendor :STMicroelectronics HAL Drivers 0.0.0
2025-11-27 14:40:07,901 [INFO] ThirdParty:1030 - CMSIS Pack Vendor :STMicroelectronics MBEDTLS 2.16.2
2025-11-27 14:40:07,901 [INFO] ThirdParty:1030 - CMSIS Pack Vendor :STMicroelectronics X-CUBE-ST60 1.1.0
2025-11-27 14:40:07,901 [INFO] ThirdParty:1030 - CMSIS Pack Vendor :STMicroelectronics X-CUBE-ALS 1.0.2
2025-11-27 14:40:07,901 [INFO] ThirdParty:1030 - CMSIS Pack Vendor :emotas I-CUBE-CANOPEN 1.3.0
2025-11-27 14:40:07,901 [INFO] ThirdParty:1030 - CMSIS Pack Vendor :STMicroelectronics MBEDTLS 2.14.1
2025-11-27 14:40:07,901 [INFO] ThirdParty:1030 - CMSIS Pack Vendor :STMicroelectronics X-CUBE-GNSS1 7.1.0
2025-11-27 14:40:07,901 [INFO] ThirdParty:1030 - CMSIS Pack Vendor :ITTIA_DB I-CUBE-ITTIADB 8.9.0
2025-11-27 14:40:07,901 [INFO] ThirdParty:1030 - CMSIS Pack Vendor :STMicroelectronics X-CUBE-TOUCHGFX 4.26.0
2025-11-27 14:40:07,901 [INFO] ThirdParty:1030 - CMSIS Pack Vendor :STMicroelectronics X-CUBE-STSE01 1.0.0
2025-11-27 14:40:07,902 [INFO] ThirdParty:1030 - CMSIS Pack Vendor :STMicroelectronics FP-SNS-STBOX1 2.1.0
2025-11-27 14:40:07,902 [INFO] ThirdParty:1030 - CMSIS Pack Vendor :STMicroelectronics X-CUBE-AI 10.2.0
2025-11-27 14:40:07,902 [INFO] ThirdParty:1030 - CMSIS Pack Vendor :STMicroelectronics FP-SNS-STAIOTCFT 1.0.0
2025-11-27 14:40:07,902 [INFO] ThirdParty:1030 - CMSIS Pack Vendor :STMicroelectronics ThreadX 1.0.0
2025-11-27 14:40:07,902 [INFO] ThirdParty:1030 - CMSIS Pack Vendor :STMicroelectronics FP-SNS-SMARTAG2 1.2.0
2025-11-27 14:40:07,902 [INFO] ThirdParty:1030 - CMSIS Pack Vendor :STMicroelectronics FP-SNS-FLIGHT1 5.1.0
2025-11-27 14:40:07,902 [INFO] ThirdParty:1030 - CMSIS Pack Vendor :STMicroelectronics X-CUBE-AZRTOS-WL 2.0.0
2025-11-27 14:40:07,902 [INFO] ThirdParty:1030 - CMSIS Pack Vendor :SEGGER I-CUBE-embOS 1.3.1
2025-11-27 14:40:07,902 [INFO] ThirdParty:1030 - CMSIS Pack Vendor :STMicroelectronics X-CUBE-ALGOBUILD 1.4.0
2025-11-27 14:40:07,902 [INFO] ThirdParty:1030 - CMSIS Pack Vendor :STMicroelectronics X-CUBE-DPower 1.3.0
2025-11-27 14:40:07,902 [INFO] ThirdParty:1030 - CMSIS Pack Vendor :STMicroelectronics X-CUBE-MEMS1 11.3.0
2025-11-27 14:40:07,903 [INFO] ThirdParty:1030 - CMSIS Pack Vendor :STMicroelectronics FP-SNS-MOTENV1 5.0.0
2025-11-27 14:40:07,903 [INFO] ThirdParty:1030 - CMSIS Pack Vendor :STMicroelectronics USB_DEVICE 1.0.0
2025-11-27 14:40:07,903 [INFO] ThirdParty:1030 - CMSIS Pack Vendor :STMicroelectronics X-CUBE-AZRTOS-H7RS 1.2.0
2025-11-27 14:40:07,903 [INFO] ThirdParty:1030 - CMSIS Pack Vendor :STMicroelectronics X-CUBE-AZRTOS-L4 2.0.0
2025-11-27 14:40:07,903 [INFO] ThirdParty:1030 - CMSIS Pack Vendor :STMicroelectronics ThreadX 0.0.2
2025-11-27 14:40:07,903 [INFO] ThirdParty:1030 - CMSIS Pack Vendor :STMicroelectronics lwIP 2.1.2
2025-11-27 14:40:07,903 [INFO] ThirdParty:1030 - CMSIS Pack Vendor :STMicroelectronics X-CUBE-SFXS2LP1 4.0.0
2025-11-27 14:40:07,903 [INFO] ThirdParty:1030 - CMSIS Pack Vendor :STMicroelectronics X-CUBE-BLE2 3.3.0
2025-11-27 14:40:07,903 [INFO] ThirdParty:1030 - CMSIS Pack Vendor :Avnet-IOTCONNECT X-CUBE-iotc-st67-sdk 1.0.0
2025-11-27 14:40:07,903 [INFO] ThirdParty:1030 - CMSIS Pack Vendor :STMicroelectronics X-CUBE-TOF1 3.4.3
2025-11-27 14:40:07,904 [INFO] ThirdParty:1030 - CMSIS Pack Vendor :STMicroelectronics PDM2PCM 3.2.0
2025-11-27 14:40:07,904 [INFO] ThirdParty:841 - exiting critical section [change project]
2025-11-27 14:40:09,703 [INFO] PinOutPanel:1589 - setPackage(No Configuration,No Configuration)
2025-11-27 14:40:09,704 [INFO] PinOutPanel:1589 - setPackage(STM32U585AIIxQ,UFBGA169)
2025-11-27 14:40:11,869 [INFO] UtilMem:75 - Before build in PCC Used Memory: 317517512 Bytes (792723456)
2025-11-27 14:40:14,444 [INFO] UtilMem:75 - After build in PCC Used Memory: 590673608 Bytes (792723456)
2025-11-27 14:40:14,664 [INFO] ApiDbMcu:532 - Load IP Config File for THREADX
2025-11-27 14:40:14,800 [INFO] IPUIPlugin:80 - create IPUIPlugin
2025-11-27 14:40:14,801 [INFO] IPUIPlugin:80 - create IPUIPlugin
2025-11-27 14:40:14,801 [INFO] IPUIPlugin:80 - create IPUIPlugin
2025-11-27 14:40:14,802 [INFO] IPUIPlugin:80 - create IPUIPlugin
2025-11-27 14:40:14,802 [INFO] IPUIPlugin:80 - create IPUIPlugin
2025-11-27 14:40:14,804 [INFO] IPUIPlugin:80 - create IPUIPlugin
2025-11-27 14:40:14,805 [INFO] IPUIPlugin:80 - create IPUIPlugin
2025-11-27 14:40:14,808 [INFO] IPUIPlugin:80 - create IPUIPlugin
2025-11-27 14:40:14,809 [INFO] IPUIPlugin:80 - create IPUIPlugin
2025-11-27 14:40:14,810 [INFO] IPUIPlugin:80 - create IPUIPlugin
2025-11-27 14:40:14,811 [INFO] IPUIPlugin:80 - create IPUIPlugin
2025-11-27 14:40:14,811 [INFO] IPUIPlugin:80 - create IPUIPlugin
2025-11-27 14:40:14,812 [INFO] IPUIPlugin:80 - create IPUIPlugin
2025-11-27 14:40:14,813 [INFO] IPUIPlugin:80 - create IPUIPlugin
2025-11-27 14:40:14,813 [INFO] IPUIPlugin:80 - create IPUIPlugin
2025-11-27 14:40:14,814 [INFO] IPUIPlugin:80 - create IPUIPlugin
2025-11-27 14:40:14,815 [INFO] IPUIPlugin:80 - create IPUIPlugin
2025-11-27 14:40:14,815 [INFO] IPUIPlugin:80 - create IPUIPlugin
2025-11-27 14:40:14,816 [INFO] IPUIPlugin:80 - create IPUIPlugin
2025-11-27 14:40:14,816 [INFO] IPUIPlugin:80 - create IPUIPlugin
2025-11-27 14:40:14,816 [INFO] IPUIPlugin:80 - create IPUIPlugin
2025-11-27 14:40:14,817 [INFO] IPUIPlugin:80 - create IPUIPlugin
2025-11-27 14:40:14,817 [INFO] IPUIPlugin:80 - create IPUIPlugin
2025-11-27 14:40:14,817 [INFO] IPUIPlugin:80 - create IPUIPlugin
2025-11-27 14:40:14,818 [INFO] IPUIPlugin:80 - create IPUIPlugin
2025-11-27 14:40:14,818 [INFO] IPUIPlugin:80 - create IPUIPlugin
2025-11-27 14:40:14,818 [INFO] IPUIPlugin:80 - create IPUIPlugin
2025-11-27 14:40:14,819 [INFO] IPUIPlugin:80 - create IPUIPlugin
2025-11-27 14:40:14,819 [INFO] IPUIPlugin:80 - create IPUIPlugin
2025-11-27 14:40:14,819 [INFO] IPUIPlugin:80 - create IPUIPlugin
2025-11-27 14:40:14,820 [INFO] IPUIPlugin:80 - create IPUIPlugin
2025-11-27 14:40:14,821 [INFO] IPUIPlugin:80 - create IPUIPlugin
2025-11-27 14:40:14,822 [INFO] IPUIPlugin:80 - create IPUIPlugin
2025-11-27 14:40:14,822 [INFO] IPUIPlugin:80 - create IPUIPlugin
2025-11-27 14:40:14,823 [INFO] IPUIPlugin:80 - create IPUIPlugin
2025-11-27 14:40:14,824 [INFO] IPUIPlugin:80 - create IPUIPlugin
2025-11-27 14:40:14,825 [INFO] IPUIPlugin:80 - create IPUIPlugin
2025-11-27 14:40:14,826 [INFO] IPUIPlugin:80 - create IPUIPlugin
2025-11-27 14:40:14,827 [INFO] IPUIPlugin:80 - create IPUIPlugin
2025-11-27 14:40:14,827 [INFO] IPUIPlugin:80 - create IPUIPlugin
2025-11-27 14:40:14,828 [INFO] IPUIPlugin:80 - create IPUIPlugin
2025-11-27 14:40:14,829 [INFO] IPUIPlugin:80 - create IPUIPlugin
2025-11-27 14:40:14,829 [INFO] IPUIPlugin:80 - create IPUIPlugin
2025-11-27 14:40:14,830 [INFO] IPUIPlugin:80 - create IPUIPlugin
2025-11-27 14:40:14,831 [INFO] IPUIPlugin:80 - create IPUIPlugin
2025-11-27 14:40:14,832 [INFO] IPUIPlugin:80 - create IPUIPlugin
2025-11-27 14:40:14,833 [INFO] IPUIPlugin:80 - create IPUIPlugin
2025-11-27 14:40:14,834 [INFO] IPUIPlugin:80 - create IPUIPlugin
2025-11-27 14:40:14,835 [INFO] IPUIPlugin:80 - create IPUIPlugin
2025-11-27 14:40:14,835 [INFO] IPUIPlugin:80 - create IPUIPlugin
2025-11-27 14:40:14,836 [INFO] IPUIPlugin:80 - create IPUIPlugin
2025-11-27 14:40:14,837 [INFO] IPUIPlugin:80 - create IPUIPlugin
2025-11-27 14:40:14,838 [INFO] IPUIPlugin:80 - create IPUIPlugin
2025-11-27 14:40:14,839 [INFO] IPUIPlugin:80 - create IPUIPlugin
2025-11-27 14:40:14,839 [INFO] IPUIPlugin:80 - create IPUIPlugin
2025-11-27 14:40:14,840 [INFO] IPUIPlugin:80 - create IPUIPlugin
2025-11-27 14:40:14,842 [INFO] IPUIPlugin:80 - create IPUIPlugin
2025-11-27 14:40:14,843 [INFO] IPUIPlugin:80 - create IPUIPlugin
2025-11-27 14:40:14,844 [INFO] IPUIPlugin:80 - create IPUIPlugin
2025-11-27 14:40:14,845 [INFO] IPUIPlugin:80 - create IPUIPlugin
2025-11-27 14:40:14,881 [INFO] IPUIPlugin:80 - create IPUIPlugin
2025-11-27 14:40:14,887 [INFO] IPUIPlugin:80 - create IPUIPlugin
2025-11-27 14:40:14,898 [INFO] IPUIPlugin:80 - create IPUIPlugin
2025-11-27 14:40:14,899 [INFO] IPUIPlugin:80 - create IPUIPlugin
2025-11-27 14:40:14,900 [INFO] IPUIPlugin:80 - create IPUIPlugin
2025-11-27 14:40:14,902 [INFO] IPUIPlugin:80 - create IPUIPlugin
2025-11-27 14:40:14,903 [INFO] IPUIPlugin:80 - create IPUIPlugin
2025-11-27 14:40:14,905 [INFO] IPUIPlugin:80 - create IPUIPlugin
2025-11-27 14:40:14,906 [INFO] IPUIPlugin:80 - create IPUIPlugin
2025-11-27 14:40:14,908 [INFO] IPUIPlugin:80 - create IPUIPlugin
2025-11-27 14:40:14,910 [INFO] IPUIPlugin:80 - create IPUIPlugin
2025-11-27 14:40:14,911 [INFO] IPUIPlugin:80 - create IPUIPlugin
2025-11-27 14:40:14,913 [INFO] IPUIPlugin:80 - create IPUIPlugin
2025-11-27 14:40:14,914 [INFO] IPUIPlugin:80 - create IPUIPlugin
2025-11-27 14:40:14,916 [INFO] IPUIPlugin:80 - create IPUIPlugin
2025-11-27 14:40:14,917 [INFO] IPUIPlugin:80 - create IPUIPlugin
2025-11-27 14:40:14,919 [INFO] IPUIPlugin:80 - create IPUIPlugin
2025-11-27 14:40:14,921 [INFO] IPUIPlugin:80 - create IPUIPlugin
2025-11-27 14:40:14,923 [INFO] IPUIPlugin:80 - create IPUIPlugin
2025-11-27 14:40:14,924 [INFO] IPUIPlugin:80 - create IPUIPlugin
2025-11-27 14:40:14,926 [INFO] IPUIPlugin:80 - create IPUIPlugin
2025-11-27 14:40:14,927 [INFO] IPUIPlugin:80 - create IPUIPlugin
2025-11-27 14:40:14,929 [INFO] IPUIPlugin:80 - create IPUIPlugin
2025-11-27 14:40:14,930 [INFO] IPUIPlugin:80 - create IPUIPlugin
2025-11-27 14:40:14,931 [INFO] IPUIPlugin:80 - create IPUIPlugin
2025-11-27 14:40:14,932 [INFO] IPUIPlugin:80 - create IPUIPlugin
2025-11-27 14:40:14,932 [INFO] IPUIPlugin:80 - create IPUIPlugin
2025-11-27 14:40:14,932 [INFO] IPUIPlugin:80 - create IPUIPlugin
2025-11-27 14:40:14,933 [INFO] IPUIPlugin:80 - create IPUIPlugin
2025-11-27 14:40:14,933 [INFO] IPUIPlugin:80 - create IPUIPlugin
2025-11-27 14:40:14,934 [INFO] IPUIPlugin:80 - create IPUIPlugin
2025-11-27 14:40:14,934 [INFO] IPUIPlugin:80 - create IPUIPlugin
2025-11-27 14:40:14,935 [INFO] IPUIPlugin:80 - create IPUIPlugin
2025-11-27 14:40:14,935 [INFO] IPUIPlugin:80 - create IPUIPlugin
2025-11-27 14:40:14,936 [INFO] IPUIPlugin:80 - create IPUIPlugin
2025-11-27 14:40:14,938 [INFO] IPUIPlugin:80 - create IPUIPlugin
2025-11-27 14:40:14,940 [INFO] IPUIPlugin:80 - create IPUIPlugin
2025-11-27 14:40:14,942 [INFO] IPUIPlugin:80 - create IPUIPlugin
2025-11-27 14:40:14,942 [INFO] IPUIPlugin:80 - create IPUIPlugin
2025-11-27 14:40:14,943 [INFO] IPUIPlugin:80 - create IPUIPlugin
2025-11-27 14:40:14,945 [INFO] IPUIPlugin:80 - create IPUIPlugin
2025-11-27 14:40:14,946 [INFO] IPUIPlugin:80 - create IPUIPlugin
2025-11-27 14:40:14,947 [INFO] IPUIPlugin:80 - create IPUIPlugin
2025-11-27 14:40:14,947 [INFO] IPUIPlugin:80 - create IPUIPlugin
2025-11-27 14:40:14,949 [INFO] IPUIPlugin:80 - create IPUIPlugin
2025-11-27 14:40:14,950 [INFO] IPUIPlugin:80 - create IPUIPlugin
2025-11-27 14:40:14,953 [INFO] IPUIPlugin:80 - create IPUIPlugin
2025-11-27 14:40:14,955 [INFO] IPUIPlugin:80 - create IPUIPlugin
2025-11-27 14:40:14,957 [INFO] IPUIPlugin:80 - create IPUIPlugin
2025-11-27 14:40:15,867 [INFO] CADModel:165 - CPN selected for project levelSTM32U585AII6Q
2025-11-27 14:40:15,867 [INFO] CADModel:114 - Register for checkConnection events
2025-11-27 14:40:15,875 [INFO] RtosManager:728 - Active RTOS found at IOC load: THREADX [CortexM33]
2025-11-27 14:40:15,920 [INFO] OpenFileManager:386 - Restore cursor
2025-11-27 14:40:16,600 [WARN] IP:2250 - SRAM5PowerDownInRunMode not found: check if there is a RefParameter without a condition.
2025-11-27 14:40:16,600 [WARN] IP:2250 - RAM1Page4PowerDownInStopMode not found: check if there is a RefParameter without a condition.
2025-11-27 14:40:16,601 [WARN] IP:2250 - RAM1Page5PowerDownInStopMode not found: check if there is a RefParameter without a condition.
2025-11-27 14:40:16,601 [WARN] IP:2250 - RAM1Page6PowerDownInStopMode not found: check if there is a RefParameter without a condition.
2025-11-27 14:40:16,601 [WARN] IP:2250 - RAM1Page7PowerDownInStopMode not found: check if there is a RefParameter without a condition.
2025-11-27 14:40:16,601 [WARN] IP:2250 - RAM1Page8PowerDownInStopMode not found: check if there is a RefParameter without a condition.
2025-11-27 14:40:16,601 [WARN] IP:2250 - RAM1Page9PowerDownInStopMode not found: check if there is a RefParameter without a condition.
2025-11-27 14:40:16,602 [WARN] IP:2250 - RAM1Page10PowerDownInStopMode not found: check if there is a RefParameter without a condition.
2025-11-27 14:40:16,602 [WARN] IP:2250 - RAM1Page11PowerDownInStopMode not found: check if there is a RefParameter without a condition.
2025-11-27 14:40:16,602 [WARN] IP:2250 - RAM1Page12PowerDownInStopMode not found: check if there is a RefParameter without a condition.
2025-11-27 14:40:16,603 [WARN] IP:2250 - RAM3Page9PowerDownInStopMode not found: check if there is a RefParameter without a condition.
2025-11-27 14:40:16,603 [WARN] IP:2250 - RAM3Page10PowerDownInStopMode not found: check if there is a RefParameter without a condition.
2025-11-27 14:40:16,603 [WARN] IP:2250 - RAM3Page11PowerDownInStopMode not found: check if there is a RefParameter without a condition.
2025-11-27 14:40:16,603 [WARN] IP:2250 - RAM3Page12PowerDownInStopMode not found: check if there is a RefParameter without a condition.
2025-11-27 14:40:16,603 [WARN] IP:2250 - RAM3Page13PowerDownInStopMode not found: check if there is a RefParameter without a condition.
2025-11-27 14:40:16,603 [WARN] IP:2250 - RAM5Page1PowerDownInStopMode not found: check if there is a RefParameter without a condition.
2025-11-27 14:40:16,604 [WARN] IP:2250 - RAM5Page2PowerDownInStopMode not found: check if there is a RefParameter without a condition.
2025-11-27 14:40:16,604 [WARN] IP:2250 - RAM5Page3PowerDownInStopMode not found: check if there is a RefParameter without a condition.
2025-11-27 14:40:16,604 [WARN] IP:2250 - RAM5Page4PowerDownInStopMode not found: check if there is a RefParameter without a condition.
2025-11-27 14:40:16,604 [WARN] IP:2250 - RAM5Page5PowerDownInStopMode not found: check if there is a RefParameter without a condition.
2025-11-27 14:40:16,604 [WARN] IP:2250 - RAM5Page6PowerDownInStopMode not found: check if there is a RefParameter without a condition.
2025-11-27 14:40:16,604 [WARN] IP:2250 - RAM5Page7PowerDownInStopMode not found: check if there is a RefParameter without a condition.
2025-11-27 14:40:16,604 [WARN] IP:2250 - RAM5Page8PowerDownInStopMode not found: check if there is a RefParameter without a condition.
2025-11-27 14:40:16,604 [WARN] IP:2250 - RAM5Page9PowerDownInStopMode not found: check if there is a RefParameter without a condition.
2025-11-27 14:40:16,604 [WARN] IP:2250 - RAM5Page10PowerDownInStopMode not found: check if there is a RefParameter without a condition.
2025-11-27 14:40:16,605 [WARN] IP:2250 - RAM5Page11PowerDownInStopMode not found: check if there is a RefParameter without a condition.
2025-11-27 14:40:16,605 [WARN] IP:2250 - RAM5Page12PowerDownInStopMode not found: check if there is a RefParameter without a condition.
2025-11-27 14:40:16,605 [WARN] IP:2250 - RAM5Page13PowerDownInStopMode not found: check if there is a RefParameter without a condition.
2025-11-27 14:40:16,605 [WARN] IP:2250 - Dcache2PowerDownInStopMode not found: check if there is a RefParameter without a condition.
2025-11-27 14:40:16,606 [WARN] IP:2250 - GRAPHICPRAMPowerDownInStopMode not found: check if there is a RefParameter without a condition.
2025-11-27 14:40:16,606 [WARN] IP:2250 - DSIRAMPowerDownInStopMode not found: check if there is a RefParameter without a condition.
2025-11-27 14:40:16,983 [WARN] IP:2250 - TX_ENABLE_RANDOM_NUMBER_STACK_FILLING not found: check if there is a RefParameter without a condition.
2025-11-27 14:40:16,983 [WARN] IP:2250 - TX_APP_CREATION not found: check if there is a RefParameter without a condition.
2025-11-27 14:40:16,984 [WARN] IP:2250 - TX_APP_THREAD_ENTRY not found: check if there is a RefParameter without a condition.
2025-11-27 14:40:16,984 [WARN] IP:2250 - TX_APP_THREAD_NAME not found: check if there is a RefParameter without a condition.
2025-11-27 14:40:16,984 [WARN] IP:2250 - TX_APP_THREAD_PRIO not found: check if there is a RefParameter without a condition.
2025-11-27 14:40:16,984 [WARN] IP:2250 - TX_APP_STACK_SIZE not found: check if there is a RefParameter without a condition.
2025-11-27 14:40:16,984 [WARN] IP:2250 - TX_APP_SEM_CREATION not found: check if there is a RefParameter without a condition.
2025-11-27 14:40:16,984 [WARN] IP:2250 - TX_SEMAPHORE_NAME not found: check if there is a RefParameter without a condition.
2025-11-27 14:40:16,984 [WARN] IP:2250 - TX_SEMAPHORE_COUNT not found: check if there is a RefParameter without a condition.
2025-11-27 14:40:16,984 [WARN] IP:2250 - TX_APP_MUTEX_CREATION not found: check if there is a RefParameter without a condition.
2025-11-27 14:40:16,984 [WARN] IP:2250 - TX_MUTEX_NAME not found: check if there is a RefParameter without a condition.
2025-11-27 14:40:16,984 [WARN] IP:2250 - TX_MUTEX_INHERITANCE not found: check if there is a RefParameter without a condition.
2025-11-27 14:40:16,984 [WARN] IP:2250 - TX_APP_MSG_QUEUE_CREATION not found: check if there is a RefParameter without a condition.
2025-11-27 14:40:16,985 [WARN] IP:2250 - TX_MSG_QUEUE_NAME not found: check if there is a RefParameter without a condition.
2025-11-27 14:40:16,985 [WARN] IP:2250 - TX_MSG_SIZE_WORDS not found: check if there is a RefParameter without a condition.
2025-11-27 14:40:16,985 [WARN] IP:2250 - TX_NB_MSG not found: check if there is a RefParameter without a condition.
2025-11-27 14:40:16,985 [WARN] IP:2250 - TX_BASEPRI_VALUE not found: check if there is a RefParameter without a condition.
2025-11-27 14:40:16,985 [WARN] IP:2250 - TX_PORT_BASEPRI_VALUE not found: check if there is a RefParameter without a condition.
2025-11-27 14:42:05,556 [INFO] WebApp:194 - Connection lost
2025-11-27 14:42:06,202 [INFO] WebApp:191 - Connection restablished
2025-11-27 14:47:47,480 [INFO] WebApp:194 - Connection lost
2025-11-27 14:47:47,971 [INFO] WebApp:191 - Connection restablished
2025-11-27 15:45:00,086 [INFO] WebApp:194 - Connection lost
2025-11-27 15:45:00,771 [INFO] WebApp:191 - Connection restablished
2025-11-27 15:47:22,403 [INFO] WebApp:194 - Connection lost
2025-11-27 15:47:23,012 [INFO] WebApp:191 - Connection restablished
2025-11-27 17:42:21,930 [INFO] WebApp:194 - Connection lost
2025-11-27 21:58:08,894 [INFO] WebApp:191 - Connection restablished
2025-11-27 21:58:12,695 [INFO] WebApp:194 - Connection lost
2025-11-27 21:58:12,953 [INFO] WebApp:191 - Connection restablished
