arm-none-eabi-gcc "../Middlewares/SEGGER/SystemView/SEGGER_SYSVIEW.c" -mcpu=cortex-m33 -std=gnu11 -g3 -DDEBUG -DUSE_FULL_LL_DRIVER -DUSE_HAL_DRIVER -DSTM32U585xx -DTX_INCLUDE_USER_DEFINE_FILE -DTX_SINGLE_MODE_NON_SECURE=1 -c -I../Core/Inc -I../Middlewares/SEGGER/RTT -I../Middlewares/SEGGER/SystemView -I../Middlewares/SEGGER/Config -I../Drivers/STM32U5xx_HAL_Driver/Inc -I../Drivers/STM32U5xx_HAL_Driver/Inc/Legacy -I../Drivers/CMSIS/Device/ST/STM32U5xx/Include -I../Drivers/CMSIS/Include -I../AZURE_RTOS/App -I../Middlewares/ST/threadx/common/inc -I../Middlewares/ST/threadx/ports/cortex_m33/gnu/inc -O0 -ffunction-sections -fdata-sections -Wall -fstack-usage -fcyclomatic-complexity -MMD -MP -MF"Middlewares/SEGGER/SystemView/SEGGER_SYSVIEW.d" -MT"Middlewares/SEGGER/SystemView/SEGGER_SYSVIEW.o" --specs=nano.specs -mfpu=fpv5-sp-d16 -mfloat-abi=hard -mthumb -o "Middlewares/SEGGER/SystemView/SEGGER_SYSVIEW.o"
arm-none-eabi-gcc "../Middlewares/SEGGER/Config/SEGGER_SYSVIEW_Config_ThreadX.c" -mcpu=cortex-m33 -std=gnu11 -g3 -DDEBUG -DUSE_FULL_LL_DRIVER -DUSE_HAL_DRIVER -DSTM32U585xx -DTX_INCLUDE_USER_DEFINE_FILE -DTX_SINGLE_MODE_NON_SECURE=1 -c -I../Core/Inc -I../Middlewares/SEGGER/RTT -I../Middlewares/SEGGER/SystemView -I../Middlewares/SEGGER/Config -I../Drivers/STM32U5xx_HAL_Driver/Inc -I../Drivers/STM32U5xx_HAL_Driver/Inc/Legacy -I../Drivers/CMSIS/Device/ST/STM32U5xx/Include -I../Drivers/CMSIS/Include -I../AZURE_RTOS/App -I../Middlewares/ST/threadx/common/inc -I../Middlewares/ST/threadx/ports/cortex_m33/gnu/inc -O0 -ffunction-sections -fdata-sections -Wall -fstack-usage -fcyclomatic-complexity -MMD -MP -MF"Middlewares/SEGGER/Config/SEGGER_SYSVIEW_Config_ThreadX.d" -MT"Middlewares/SEGGER/Config/SEGGER_SYSVIEW_Config_ThreadX.o" --specs=nano.specs -mfpu=fpv5-sp-d16 -mfloat-abi=hard -mthumb -o "Middlewares/SEGGER/Config/SEGGER_SYSVIEW_Config_ThreadX.o"
arm-none-eabi-gcc "../Core/Src/app_threadx.c" -mcpu=cortex-m33 -std=gnu11 -g3 -DDEBUG -DUSE_FULL_LL_DRIVER -DUSE_HAL_DRIVER -DSTM32U585xx -DTX_INCLUDE_USER_DEFINE_FILE -DTX_SINGLE_MODE_NON_SECURE=1 -c -I../Core/Inc -I../Middlewares/SEGGER/RTT -I../Middlewares/SEGGER/SystemView -I../Middlewares/SEGGER/Config -I../Drivers/STM32U5xx_HAL_Driver/Inc -I../Drivers/STM32U5xx_HAL_Driver/Inc/Legacy -I../Drivers/CMSIS/Device/ST/STM32U5xx/Include -I../Drivers/CMSIS/Include -I../AZURE_RTOS/App -I../Middlewares/ST/threadx/common/inc -I../Middlewares/ST/threadx/ports/cortex_m33/gnu/inc -O0 -ffunction-sections -fdata-sections -Wall -fstack-usage -fcyclomatic-complexity -MMD -MP -MF"Core/Src/app_threadx.d" -MT"Core/Src/app_threadx.o" --specs=nano.specs -mfpu=fpv5-sp-d16 -mfloat-abi=hard -mthumb -o "Core/Src/app_threadx.o"
In file included from ../Middlewares/SEGGER/SystemView/SEGGER_SYSVIEW_ConfDefaults.h:65,
                 from ../Middlewares/SEGGER/SystemView/SEGGER_SYSVIEW.h:65,
                 from ../Middlewares/SEGGER/SystemView/SEGGER_SYSVIEW_Int.h:64,
                 from ../Middlewares/SEGGER/SystemView/SEGGER_SYSVIEW.c:146:
../Middlewares/SEGGER/SystemView/SEGGER_SYSVIEW.c: In function 'SEGGER_SYSVIEW_RecordEnterISR':
../Middlewares/SEGGER/Config/SEGGER_SYSVIEW_Conf.h:28:52: warning: implicit declaration of function '__get_IPSR' [-Wimplicit-function-declaration]
   28 | #define SEGGER_SYSVIEW_GET_INTERRUPT_ID()   ((U32)(__get_IPSR()))           // Get the currently active interrupt Id from IPSR
      |                                                    ^~~~~~~~~~
../Middlewares/SEGGER/SystemView/SEGGER_SYSVIEW.c:2075:7: note: in expansion of macro 'SEGGER_SYSVIEW_GET_INTERRUPT_ID'
 2075 |   v = SEGGER_SYSVIEW_GET_INTERRUPT_ID();
      |       ^~~~~~~~~~~~~~~~~~~~~~~~~~~~~~~
../Core/Src/app_threadx.c: In function 'App_ThreadX_Init':
../Core/Src/app_threadx.c:131:3: warning: implicit declaration of function 'SensorsQueue_Init'; did you mean 'ControlQueue_Init'? [-Wimplicit-function-declaration]
  131 |   SensorsQueue_Init();
      |   ^~~~~~~~~~~~~~~~~
      |   ControlQueue_Init
arm-none-eabi-gcc -o "STM32.elf" @"objects.list"   -mcpu=cortex-m33 -T"/home/hhzamith/SEA_ME/ElRepo/apps/stm32-firmware/STM32U585AIIXQ_FLASH.ld" --specs=nosys.specs -Wl,-Map="STM32.map" -Wl,--gc-sections -static -u _printf_float --specs=nano.specs -mfpu=fpv5-sp-d16 -mfloat-abi=hard -mthumb -Wl,--start-group -lc -lm -Wl,--end-group
/opt/st/stm32cubeide_1.19.0/plugins/com.st.stm32cube.ide.mcu.externaltools.gnu-tools-for-stm32.13.3.rel1.linux64_1.0.0.202410170706/tools/bin/../lib/gcc/arm-none-eabi/13.3.1/../../../../arm-none-eabi/bin/ld: ./Middlewares/SEGGER/SystemView/SEGGER_SYSVIEW.o: in function `_TrySendOverflowPacket':
/home/hhzamith/SEA_ME/ElRepo/apps/stm32-firmware/Debug/../Middlewares/SEGGER/SystemView/SEGGER_SYSVIEW.c:628:(.text._TrySendOverflowPacket+0xa4): undefined reference to `SEGGER_RTT_ASM_WriteSkipNoLock'
/opt/st/stm32cubeide_1.19.0/plugins/com.st.stm32cube.ide.mcu.externaltools.gnu-tools-for-stm32.13.3.rel1.linux64_1.0.0.202410170706/tools/bin/../lib/gcc/arm-none-eabi/13.3.1/../../../../arm-none-eabi/bin/ld: ./Middlewares/SEGGER/SystemView/SEGGER_SYSVIEW.o: in function `_SendPacket':
/home/hhzamith/SEA_ME/ElRepo/apps/stm32-firmware/Debug/../Middlewares/SEGGER/SystemView/SEGGER_SYSVIEW.c:860:(.text._SendPacket+0x24e): undefined reference to `SEGGER_RTT_ASM_WriteSkipNoLock'
/opt/st/stm32cubeide_1.19.0/plugins/com.st.stm32cube.ide.mcu.externaltools.gnu-tools-for-stm32.13.3.rel1.linux64_1.0.0.202410170706/tools/bin/../lib/gcc/arm-none-eabi/13.3.1/../../../../arm-none-eabi/bin/ld: ./Middlewares/SEGGER/SystemView/SEGGER_SYSVIEW.o: in function `SEGGER_SYSVIEW_Start':
/home/hhzamith/SEA_ME/ElRepo/apps/stm32-firmware/Debug/../Middlewares/SEGGER/SystemView/SEGGER_SYSVIEW.c:1839:(.text.SEGGER_SYSVIEW_Start+0x16): undefined reference to `SEGGER_RTT_ASM_WriteSkipNoLock'
collect2: error: ld returned 1 exit status
make: *** [makefile:75: STM32.elf] Error 1
