2025-12-17 16:55:03,255 [INFO] Activator:176 - 


2025-12-17 16:55:03,257 [INFO] Activator:177 - !SESSION log4j initialized
2025-12-17 16:55:05,512 [INFO] LogOutputStream:77 - [STDOUT_REDIRECT] 
2025-12-17 16:55:07,153 [INFO] ApplicationProperties:184 - Using Application install path: /opt/st/stm32cubeide_1.19.0/plugins/com.st.stm32cube.common.mx_6.15.0.202507011659
2025-12-17 16:55:07,172 [INFO] DbMcusXml:78 - Set database path to: /opt/st/stm32cubeide_1.19.0/plugins/com.st.stm32cube.common.mx_6.15.0.202507011659//db//mcu/
2025-12-17 16:55:07,172 [INFO] ApiDb:274 - Set plugin database path to: /opt/st/stm32cubeide_1.19.0/plugins/com.st.stm32cube.common.mx_6.15.0.202507011659//db//plugins/boardmanager/
2025-12-17 16:55:07,172 [WARN] ApiDb:259 - Overriding images path with different value:  => /opt/st/stm32cubeide_1.19.0/plugins/com.st.stm32cube.common.mx_6.15.0.202507011659//db//plugins/mcufinder/images/
2025-12-17 16:55:07,178 [INFO] ApiDb:250 - Set database path to: /home/hhzamith/.stmcufinder/plugins/mcufinder//mcu/
2025-12-17 16:55:07,179 [INFO] DbMcusAds:125 - Set database path to: /home/hhzamith/.stmcufinder/plugins/mcufinder//mcu/
2025-12-17 16:55:07,182 [INFO] CrossReferenceDbSqlite:203 - Set database path to: /home/hhzamith/.stmcufinder/plugins/mcufinder//mcu/cs/
2025-12-17 16:55:07,308 [INFO] RulesReader:64 - Compatibility file has been processed (317 Rules)
2025-12-17 16:55:07,361 [INFO] DbMcusXml:78 - Set database path to: /opt/st/stm32cubeide_1.19.0/plugins/com.st.stm32cube.common.mx_6.15.0.202507011659//db//mcu/
2025-12-17 16:55:07,361 [INFO] ApiDb:274 - Set plugin database path to: /opt/st/stm32cubeide_1.19.0/plugins/com.st.stm32cube.common.mx_6.15.0.202507011659//db//plugins/boardmanager/
2025-12-17 16:55:07,362 [INFO] ApiDb:261 - Set plugin images path to: /opt/st/stm32cubeide_1.19.0/plugins/com.st.stm32cube.common.mx_6.15.0.202507011659//db//plugins/mcufinder/images/
2025-12-17 16:55:07,362 [WARN] DbFile:41 - Overriding database path with different value: /home/hhzamith/.stmcufinder/plugins/mcufinder/ => /home/hhzamith/.stmcufinder/plugins/mcufinder
2025-12-17 16:55:07,362 [INFO] ApiDb:250 - Set database path to: /home/hhzamith/.stmcufinder/plugins/mcufinder//mcu/
2025-12-17 16:55:07,362 [WARN] DbFile:41 - Overriding database path with different value: /home/hhzamith/.stmcufinder/plugins/mcufinder/ => /home/hhzamith/.stmcufinder/plugins/mcufinder
2025-12-17 16:55:07,362 [INFO] DbMcusAds:125 - Set database path to: /home/hhzamith/.stmcufinder/plugins/mcufinder//mcu/
2025-12-17 16:55:07,362 [WARN] DbFile:41 - Overriding database path with different value: /home/hhzamith/.stmcufinder/plugins/mcufinder/ => /home/hhzamith/.stmcufinder/plugins/mcufinder
2025-12-17 16:55:07,362 [WARN] DbFile:41 - Overriding database path with different value: /home/hhzamith/.stmcufinder/plugins/mcufinder/ => /home/hhzamith/.stmcufinder/plugins/mcufinder
2025-12-17 16:55:07,362 [INFO] CrossReferenceDbSqlite:203 - Set database path to: /home/hhzamith/.stmcufinder/plugins/mcufinder//mcu/cs/
2025-12-17 16:55:07,411 [INFO] MainPanel:274 - HeapMemory: 268435456
2025-12-17 16:55:07,537 [INFO] DbMcusXml:78 - Set database path to: /opt/st/stm32cubeide_1.19.0/plugins/com.st.stm32cube.common.mx_6.15.0.202507011659//db//mcu/
2025-12-17 16:55:07,538 [INFO] ApiDb:274 - Set plugin database path to: /opt/st/stm32cubeide_1.19.0/plugins/com.st.stm32cube.common.mx_6.15.0.202507011659//db//plugins/boardmanager/
2025-12-17 16:55:07,538 [INFO] ApiDb:261 - Set plugin images path to: /opt/st/stm32cubeide_1.19.0/plugins/com.st.stm32cube.common.mx_6.15.0.202507011659//db//plugins/mcufinder/images/
2025-12-17 16:55:07,538 [WARN] DbFile:41 - Overriding database path with different value: /home/hhzamith/.stmcufinder/plugins/mcufinder/ => /home/hhzamith/.stmcufinder/plugins/mcufinder
2025-12-17 16:55:07,538 [INFO] ApiDb:250 - Set database path to: /home/hhzamith/.stmcufinder/plugins/mcufinder//mcu/
2025-12-17 16:55:07,538 [WARN] DbFile:41 - Overriding database path with different value: /home/hhzamith/.stmcufinder/plugins/mcufinder/ => /home/hhzamith/.stmcufinder/plugins/mcufinder
2025-12-17 16:55:07,539 [INFO] DbMcusAds:125 - Set database path to: /home/hhzamith/.stmcufinder/plugins/mcufinder//mcu/
2025-12-17 16:55:07,539 [WARN] DbFile:41 - Overriding database path with different value: /home/hhzamith/.stmcufinder/plugins/mcufinder/ => /home/hhzamith/.stmcufinder/plugins/mcufinder
2025-12-17 16:55:07,539 [WARN] DbFile:41 - Overriding database path with different value: /home/hhzamith/.stmcufinder/plugins/mcufinder/ => /home/hhzamith/.stmcufinder/plugins/mcufinder
2025-12-17 16:55:07,539 [INFO] CrossReferenceDbSqlite:203 - Set database path to: /home/hhzamith/.stmcufinder/plugins/mcufinder//mcu/cs/
2025-12-17 16:55:07,559 [INFO] ApplicationProperties:184 - Using Application install path: /opt/st/stm32cubeide_1.19.0/plugins/com.st.stm32cube.common.mx_6.15.0.202507011659
2025-12-17 16:55:07,561 [INFO] PluginManage:196 - Search for loadable plugins [exclusion list=, ]
2025-12-17 16:55:07,562 [INFO] PluginManage:310 - Check plugin analytics
2025-12-17 16:55:07,948 [INFO] AnalyticsPlugin:253 - Accepted Software Licenses: 
2025-12-17 16:55:07,949 [INFO] AnalyticsPlugin:255 - Accepted CMSIS Pack Licenses: 
2025-12-17 16:55:07,949 [INFO] AnalyticsPlugin:257 - Accepted Firmware Licenses: FW.U5.1.8.0
2025-12-17 16:55:07,953 [INFO] PluginManage:359 - Loaded plugin analytics (category:tool,tabindex:-1)
2025-12-17 16:55:07,954 [INFO] PluginManage:310 - Check plugin cadmodel
2025-12-17 16:55:07,958 [INFO] CADModel:105 - Init CAD model plugin
2025-12-17 16:55:07,958 [INFO] PluginManage:359 - Loaded plugin cadmodel (category:power,tabindex:5)
2025-12-17 16:55:07,958 [INFO] PluginManage:310 - Check plugin clock
2025-12-17 16:55:07,968 [INFO] PluginManage:359 - Loaded plugin clock (category:base,tabindex:2)
2025-12-17 16:55:07,968 [INFO] PluginManage:310 - Check plugin ddr
2025-12-17 16:55:07,970 [INFO] PluginManage:359 - Loaded plugin ddr (category:tool,tabindex:6)
2025-12-17 16:55:07,971 [INFO] PluginManage:310 - Check plugin filemanager
2025-12-17 16:55:08,153 [INFO] PluginManage:359 - Loaded plugin filemanager (category:base,tabindex:10)
2025-12-17 16:55:08,153 [INFO] PluginManage:310 - Check plugin ipmanager
2025-12-17 16:55:08,160 [INFO] PluginManage:359 - Loaded plugin ipmanager (category:base,tabindex:5)
2025-12-17 16:55:08,160 [INFO] PluginManage:310 - Check plugin lpbam
2025-12-17 16:55:08,172 [INFO] PluginManage:359 - Loaded plugin lpbam (category:base,tabindex:0)
2025-12-17 16:55:08,172 [INFO] PluginManage:310 - Check plugin memorymap
2025-12-17 16:55:08,189 [INFO] PluginManage:359 - Loaded plugin memorymap (category:base,tabindex:4)
2025-12-17 16:55:08,189 [INFO] PluginManage:310 - Check plugin pinoutandconfiguration
2025-12-17 16:55:08,201 [INFO] PluginManage:359 - Loaded plugin pinoutandconfiguration (category:base,tabindex:1)
2025-12-17 16:55:08,201 [INFO] PluginManage:310 - Check plugin pinoutconfig
2025-12-17 16:55:08,331 [WARN] SupportedApi:132 - Cannot load RTOS API schema: s4s-elt-must-match.1: The content of 'definitions' must match (annotation?, (simpleType | complexType)?, (unique | key | keyref)*)). A problem was found starting at: attribute.
2025-12-17 16:55:08,505 [INFO] PluginManage:359 - Loaded plugin pinoutconfig (category:base,tabindex:0)
2025-12-17 16:55:08,505 [INFO] PluginManage:310 - Check plugin power
2025-12-17 16:55:08,513 [INFO] PluginManage:359 - Loaded plugin power (category:power,tabindex:4)
2025-12-17 16:55:08,513 [INFO] PluginManage:310 - Check plugin projectmanager
2025-12-17 16:55:08,537 [INFO] PluginManage:359 - Loaded plugin projectmanager (category:projectmanager,tabindex:4)
2025-12-17 16:55:08,537 [INFO] PluginManage:310 - Check plugin rif
2025-12-17 16:55:08,552 [INFO] PluginManage:359 - Loaded plugin rif (category:base,tabindex:3)
2025-12-17 16:55:08,552 [INFO] PluginManage:310 - Check plugin thirdparty
2025-12-17 16:55:08,752 [INFO] PluginManage:359 - Loaded plugin thirdparty (category:base,tabindex:-1)
2025-12-17 16:55:08,752 [WARN] IntegrityCheckThread:84 - waiting for thirdparty lock release [integrity check]
2025-12-17 16:55:08,753 [INFO] PluginManage:310 - Check plugin tools
2025-12-17 16:55:08,753 [INFO] IntegrityCheckThread:86 - entering critical section [integrity check]
2025-12-17 16:55:08,753 [INFO] ThirdPartyUpdaterWithRetryManager:70 - Updater plugin not ready yet. [1/15]
2025-12-17 16:55:08,757 [INFO] PluginManage:359 - Loaded plugin tools (category:base,tabindex:7)
2025-12-17 16:55:08,758 [INFO] PluginManage:310 - Check plugin tutovideos
2025-12-17 16:55:09,034 [INFO] PluginManage:359 - Loaded plugin tutovideos (category:base,tabindex:-1)
2025-12-17 16:55:09,035 [INFO] PluginManage:310 - Check plugin updater
2025-12-17 16:55:09,065 [INFO] PluginManage:359 - Loaded plugin updater (category:base,tabindex:12)
2025-12-17 16:55:09,065 [INFO] PluginManage:310 - Check plugin userauth
2025-12-17 16:55:09,069 [INFO] UserAuth:118 - Init User Auth plugin
2025-12-17 16:55:09,070 [INFO] PluginManage:359 - Loaded plugin userauth (category:base,tabindex:14)
2025-12-17 16:55:09,071 [INFO] PluginManage:283 - PluginManage : Loaded plugins [18]
2025-12-17 16:55:09,291 [INFO] PinOutPanel:1589 - setPackage(No Configuration,No Configuration)
2025-12-17 16:55:09,370 [INFO] CADModel:165 - CPN selected for project level
2025-12-17 16:55:09,370 [INFO] CADModel:114 - Register for checkConnection events
2025-12-17 16:55:09,381 [INFO] IPUIPlugin:80 - create IPUIPlugin
2025-12-17 16:55:09,381 [INFO] PluginManager:220 - loadIPPluginJar : add ts
2025-12-17 16:55:09,387 [INFO] IPUIPlugin:80 - create IPUIPlugin
2025-12-17 16:55:09,387 [INFO] PluginManager:220 - loadIPPluginJar : add extmemmanager
2025-12-17 16:55:09,388 [INFO] IPUIPlugin:80 - create IPUIPlugin
2025-12-17 16:55:09,388 [INFO] PluginManager:220 - loadIPPluginJar : add genericplugin
2025-12-17 16:55:09,394 [INFO] IPUIPlugin:80 - create IPUIPlugin
2025-12-17 16:55:09,395 [INFO] PluginManager:220 - loadIPPluginJar : add gic
2025-12-17 16:55:09,398 [INFO] IPUIPlugin:80 - create IPUIPlugin
2025-12-17 16:55:09,398 [INFO] PluginManager:220 - loadIPPluginJar : add i3c
2025-12-17 16:55:09,399 [INFO] IPUIPlugin:80 - create IPUIPlugin
2025-12-17 16:55:09,399 [INFO] PluginManager:220 - loadIPPluginJar : add ltdc
2025-12-17 16:55:09,404 [INFO] IPUIPlugin:80 - create IPUIPlugin
2025-12-17 16:55:09,405 [INFO] PluginManager:220 - loadIPPluginJar : add opamp
2025-12-17 16:55:09,408 [INFO] IPUIPlugin:80 - create IPUIPlugin
2025-12-17 16:55:09,408 [INFO] PluginManager:220 - loadIPPluginJar : add usart
2025-12-17 16:55:09,414 [INFO] IPUIPlugin:80 - create IPUIPlugin
2025-12-17 16:55:09,418 [INFO] PluginManager:220 - loadIPPluginJar : add plateformsettings
2025-12-17 16:55:09,419 [INFO] IPUIPlugin:80 - create IPUIPlugin
2025-12-17 16:55:09,420 [INFO] PluginManager:220 - loadIPPluginJar : add tim
2025-12-17 16:55:09,423 [INFO] IPUIPlugin:80 - create IPUIPlugin
2025-12-17 16:55:09,423 [INFO] PluginManager:220 - loadIPPluginJar : add aes
2025-12-17 16:55:09,426 [INFO] IPUIPlugin:80 - create IPUIPlugin
2025-12-17 16:55:09,426 [INFO] PluginManager:220 - loadIPPluginJar : add pdm2pcm
2025-12-17 16:55:09,428 [INFO] IPUIPlugin:80 - create IPUIPlugin
2025-12-17 16:55:09,428 [INFO] PluginManager:220 - loadIPPluginJar : add ucpd
2025-12-17 16:55:09,432 [INFO] IPUIPlugin:80 - create IPUIPlugin
2025-12-17 16:55:09,432 [INFO] PluginManager:220 - loadIPPluginJar : add ddr_ctrl_phy
2025-12-17 16:55:09,435 [INFO] IPUIPlugin:80 - create IPUIPlugin
2025-12-17 16:55:09,435 [INFO] PluginManager:220 - loadIPPluginJar : add cryp
2025-12-17 16:55:09,438 [INFO] IPUIPlugin:80 - create IPUIPlugin
2025-12-17 16:55:09,438 [INFO] PluginManager:220 - loadIPPluginJar : add dfsdm
2025-12-17 16:55:09,441 [INFO] IPUIPlugin:80 - create IPUIPlugin
2025-12-17 16:55:09,441 [INFO] PluginManager:220 - loadIPPluginJar : add openamp
2025-12-17 16:55:09,445 [INFO] IPUIPlugin:80 - create IPUIPlugin
2025-12-17 16:55:09,446 [INFO] PluginManager:220 - loadIPPluginJar : add gtzc
2025-12-17 16:55:09,453 [INFO] IPUIPlugin:80 - create IPUIPlugin
2025-12-17 16:55:09,454 [INFO] PluginManager:220 - loadIPPluginJar : add mdma
2025-12-17 16:55:09,456 [INFO] IPUIPlugin:80 - create IPUIPlugin
2025-12-17 16:55:09,456 [INFO] PluginManager:220 - loadIPPluginJar : add tsc
2025-12-17 16:55:09,462 [INFO] IPUIPlugin:80 - create IPUIPlugin
2025-12-17 16:55:09,463 [INFO] PluginManager:220 - loadIPPluginJar : add fmc
2025-12-17 16:55:09,465 [INFO] IPUIPlugin:80 - create IPUIPlugin
2025-12-17 16:55:09,466 [INFO] PluginManager:220 - loadIPPluginJar : add i2c
2025-12-17 16:55:09,470 [INFO] IPUIPlugin:80 - create IPUIPlugin
2025-12-17 16:55:09,471 [INFO] PluginManager:220 - loadIPPluginJar : add ipddr
2025-12-17 16:55:09,476 [INFO] IPUIPlugin:80 - create IPUIPlugin
2025-12-17 16:55:09,478 [INFO] PluginManager:220 - loadIPPluginJar : add usbx
2025-12-17 16:55:09,481 [INFO] IPUIPlugin:80 - create IPUIPlugin
2025-12-17 16:55:09,482 [INFO] PluginManager:220 - loadIPPluginJar : add hash
2025-12-17 16:55:09,489 [INFO] IPUIPlugin:80 - create IPUIPlugin
2025-12-17 16:55:09,490 [INFO] PluginManager:220 - loadIPPluginJar : add dma
2025-12-17 16:55:09,498 [INFO] IPUIPlugin:80 - create IPUIPlugin
2025-12-17 16:55:09,498 [INFO] PluginManager:220 - loadIPPluginJar : add adc
2025-12-17 16:55:09,501 [INFO] IPUIPlugin:80 - create IPUIPlugin
2025-12-17 16:55:09,502 [INFO] PluginManager:220 - loadIPPluginJar : add resmgrutility
2025-12-17 16:55:09,504 [INFO] IPUIPlugin:80 - create IPUIPlugin
2025-12-17 16:55:09,504 [INFO] PluginManager:220 - loadIPPluginJar : add dma3
2025-12-17 16:55:09,513 [INFO] IPUIPlugin:80 - create IPUIPlugin
2025-12-17 16:55:09,514 [INFO] PluginManager:220 - loadIPPluginJar : add linkedlist
2025-12-17 16:55:09,517 [INFO] IPUIPlugin:80 - create IPUIPlugin
2025-12-17 16:55:09,517 [INFO] PluginManager:220 - loadIPPluginJar : add touchsensing
2025-12-17 16:55:09,525 [INFO] IPUIPlugin:80 - create IPUIPlugin
2025-12-17 16:55:09,526 [INFO] PluginManager:220 - loadIPPluginJar : add stm32_wpan
2025-12-17 16:55:09,529 [INFO] IPUIPlugin:80 - create IPUIPlugin
2025-12-17 16:55:09,529 [INFO] PluginManager:220 - loadIPPluginJar : add can
2025-12-17 16:55:09,533 [INFO] IPUIPlugin:80 - create IPUIPlugin
2025-12-17 16:55:09,533 [INFO] PluginManager:220 - loadIPPluginJar : add gpio
2025-12-17 16:55:09,538 [INFO] IPUIPlugin:80 - create IPUIPlugin
2025-12-17 16:55:09,538 [INFO] PluginManager:220 - loadIPPluginJar : add freertos
2025-12-17 16:55:09,542 [INFO] IPUIPlugin:80 - create IPUIPlugin
2025-12-17 16:55:09,542 [INFO] PluginManager:220 - loadIPPluginJar : add spi
2025-12-17 16:55:09,544 [INFO] IPUIPlugin:80 - create IPUIPlugin
2025-12-17 16:55:09,545 [INFO] PluginManager:220 - loadIPPluginJar : add comp
2025-12-17 16:55:09,551 [INFO] IPUIPlugin:80 - create IPUIPlugin
2025-12-17 16:55:09,552 [INFO] PluginManager:220 - loadIPPluginJar : add gfxmmu
2025-12-17 16:55:09,561 [INFO] IPUIPlugin:80 - create IPUIPlugin
2025-12-17 16:55:09,561 [INFO] PluginManager:220 - loadIPPluginJar : add nvic
2025-12-17 16:55:09,564 [INFO] IPUIPlugin:80 - create IPUIPlugin
2025-12-17 16:55:09,564 [INFO] PluginManager:220 - loadIPPluginJar : add lorawan
2025-12-17 16:55:09,566 [INFO] IPUIPlugin:80 - create IPUIPlugin
2025-12-17 16:55:09,566 [INFO] PluginManager:220 - loadIPPluginJar : add fatfs
2025-12-17 16:55:09,568 [INFO] IPUIPlugin:80 - create IPUIPlugin
2025-12-17 16:55:09,568 [INFO] PluginManager:220 - loadIPPluginJar : add tracer_emb
2025-12-17 16:55:09,570 [INFO] IPUIPlugin:80 - create IPUIPlugin
2025-12-17 16:55:09,571 [INFO] PluginManager:220 - loadIPPluginJar : add quadspi
2025-12-17 16:55:09,573 [INFO] IPUIPlugin:80 - create IPUIPlugin
2025-12-17 16:55:09,573 [INFO] PluginManager:220 - loadIPPluginJar : add radio
2025-12-17 16:55:09,576 [INFO] IPUIPlugin:80 - create IPUIPlugin
2025-12-17 16:55:09,576 [INFO] PluginManager:220 - loadIPPluginJar : add i2s
2025-12-17 16:55:09,580 [INFO] IPUIPlugin:80 - create IPUIPlugin
2025-12-17 16:55:09,580 [INFO] PluginManager:220 - loadIPPluginJar : add sai
2025-12-17 16:55:09,727 [FATAL] Updater:351 - Updater called before beeing initialized
2025-12-17 16:55:09,782 [INFO] RulesReader:64 - Compatibility file has been processed (317 Rules)
2025-12-17 16:55:09,819 [INFO] RulesReader:64 - Compatibility file has been processed (317 Rules)
2025-12-17 16:55:09,832 [INFO] CADModel:165 - CPN selected for project level
2025-12-17 16:55:09,833 [INFO] CADModel:114 - Register for checkConnection events
2025-12-17 16:55:09,833 [FATAL] Updater:351 - Updater called before beeing initialized
2025-12-17 16:55:09,834 [ERROR] CADModel:125 - Updater not yet initialized, retry later 
2025-12-17 16:55:10,039 [FATAL] Updater:351 - Updater called before beeing initialized
2025-12-17 16:55:10,041 [INFO] CADModel:165 - CPN selected for project level
2025-12-17 16:55:10,042 [INFO] CADModel:114 - Register for checkConnection events
2025-12-17 16:55:10,042 [FATAL] Updater:351 - Updater called before beeing initialized
2025-12-17 16:55:10,045 [ERROR] CADModel:125 - Updater not yet initialized, retry later 
2025-12-17 16:55:10,051 [FATAL] Updater:351 - Updater called before beeing initialized
2025-12-17 16:55:10,218 [FATAL] Updater:351 - Updater called before beeing initialized
2025-12-17 16:55:10,223 [INFO] DbMcusAds:53 - JSON generation date=Mon Nov 10 10:43:01 WET 2025 (1762771381061)
2025-12-17 16:55:10,224 [FATAL] Updater:351 - Updater called before beeing initialized
2025-12-17 16:55:10,268 [WARN] DetailPanel:346 - Failed to get advertising image, set to default
2025-12-17 16:55:10,368 [FATAL] Updater:351 - Updater called before beeing initialized
2025-12-17 16:55:10,370 [FATAL] Updater:351 - Updater called before beeing initialized
2025-12-17 16:55:10,370 [FATAL] Updater:351 - Updater called before beeing initialized
2025-12-17 16:55:10,371 [WARN] DetailPanel:346 - Failed to get advertising image, set to default
2025-12-17 16:55:10,371 [FATAL] Updater:351 - Updater called before beeing initialized
2025-12-17 16:55:10,408 [ERROR] Updater:1198 - MainUpdater not yet initialized. External WinMGr cannot be set.
2025-12-17 16:55:10,410 [INFO] Updater:1134 - Updater Version found : 6.15.0
2025-12-17 16:55:10,422 [INFO] ApplicationProperties:184 - Using Application install path: /opt/st/stm32cubeide_1.19.0/plugins/com.st.stm32cube.common.mx_6.15.0.202507011659
2025-12-17 16:55:10,733 [INFO] MainUpdater:2872 - connection check result : 10
2025-12-17 16:55:10,734 [INFO] MainUpdater:289 - Updater Check For Update Now.
2025-12-17 16:55:10,734 [INFO] MicroXplorer:498 - Change Database Version : DB.6.0.150
2025-12-17 16:55:10,738 [INFO] McuFinderGlobals:63 - Set McuFinder mode to 2 (CubeIDE integrated)
2025-12-17 16:55:10,739 [INFO] UserAuth:487 - Internet connection configuration mode: 1
2025-12-17 16:55:10,756 [INFO] JxBrowserEngine:152 - Initiate JxBrowser Engine with user profile folder
2025-12-17 16:55:10,930 [INFO] CheckServerUpdateThread:120 - End of CheckServer Thread
2025-12-17 16:55:11,380 [INFO] WebApp:169 - Instantiating new browser for Auth
2025-12-17 16:55:11,972 [WARN] PackLoader:240 - Cannot read IP mode file for STMicroelectronics.FP-SNS-MOTENVWB1.1.4.0
2025-12-17 16:55:11,991 [WARN] PackLoader:240 - Cannot read IP mode file for STMicroelectronics.FP-ATR-ASTRA1.2.0.2
2025-12-17 16:55:12,005 [WARN] PackLoader:240 - Cannot read IP mode file for STMicroelectronics.X-CUBE-SMBUS.2.1.0
2025-12-17 16:55:12,078 [WARN] PackLoader:240 - Cannot read IP mode file for STMicroelectronics.X-CUBE-AZRTOS-F7.1.1.0
2025-12-17 16:55:12,097 [WARN] PackLoader:240 - Cannot read IP mode file for Cesanta.I-CUBE-Mongoose.7.19.0
2025-12-17 16:55:12,103 [WARN] PackLoader:240 - Cannot read IP mode file for STMicroelectronics.FP-SNS-MOTENV1.5.1.0
2025-12-17 16:55:12,104 [INFO] WebApp:463 - Apply proxy settings
2025-12-17 16:55:12,106 [INFO] WebApp:548 - Chromium requires no authentication
2025-12-17 16:55:12,123 [INFO] WebApp:491 - Direct internet connection detected
2025-12-17 16:55:12,125 [WARN] PackLoader:240 - Cannot read IP mode file for WES.I-CUBE-Cesium.1.4.0
2025-12-17 16:55:12,168 [INFO] WebApp:900 - Register for checkConnection events
2025-12-17 16:55:12,168 [INFO] WebApp:463 - Apply proxy settings
2025-12-17 16:55:12,169 [INFO] WebApp:548 - Chromium requires no authentication
2025-12-17 16:55:12,170 [INFO] WebApp:491 - Direct internet connection detected
2025-12-17 16:55:12,192 [WARN] PackLoader:240 - Cannot read IP mode file for Infineon.AIROC-Wi-Fi-Bluetooth-STM32.1.7.1
2025-12-17 16:55:12,275 [WARN] PackLoader:240 - Cannot read IP mode file for STMicroelectronics.X-CUBE-AZRTOS-H7.3.4.0
2025-12-17 16:55:12,301 [WARN] PackLoader:240 - Cannot read IP mode file for STMicroelectronics.X-CUBE-DISPLAY.3.0.0
2025-12-17 16:55:12,324 [WARN] PackLoader:240 - Cannot read IP mode file for STMicroelectronics.X-CUBE-NFC10.1.0.0
2025-12-17 16:55:12,335 [WARN] PackLoader:240 - Cannot read IP mode file for STMicroelectronics.X-CUBE-ST60.1.1.0
2025-12-17 16:55:12,358 [WARN] PackLoader:240 - Cannot read IP mode file for emotas.I-CUBE-CANOPEN.1.3.0
2025-12-17 16:55:12,366 [WARN] PackLoader:240 - Cannot read IP mode file for STMicroelectronics.X-CUBE-GNSS1.7.1.0
2025-12-17 16:55:12,381 [WARN] PackLoader:240 - Cannot read IP mode file for STMicroelectronics.FP-SNS-STBOX1.2.1.0
2025-12-17 16:55:12,392 [WARN] PackLoader:240 - Cannot read IP mode file for STMicroelectronics.FP-SNS-SMARTAG2.1.2.0
2025-12-17 16:55:12,400 [WARN] PackLoader:240 - Cannot read IP mode file for STMicroelectronics.FP-SNS-FLIGHT1.5.1.0
2025-12-17 16:55:12,419 [INFO] LogOutputStream:77 - [STDOUT_REDIRECT] 1 : Invalid condition id : UX_CORESTACK_Condition cause : null
2025-12-17 16:55:12,420 [INFO] LogOutputStream:77 - [STDOUT_REDIRECT] 1 : Invalid condition id : UX_CORESTACK_Condition cause : null
2025-12-17 16:55:12,421 [INFO] LogOutputStream:77 - [STDOUT_REDIRECT] 1 : Invalid condition id : UX_CORESTACK_Condition cause : null
2025-12-17 16:55:12,422 [INFO] LogOutputStream:77 - [STDOUT_REDIRECT] 1 : Invalid condition id : UX_CORESTACK_Condition cause : null
2025-12-17 16:55:12,423 [INFO] LogOutputStream:77 - [STDOUT_REDIRECT] 1 : Invalid condition id : UX_CORESTACK_Condition cause : null
2025-12-17 16:55:12,430 [WARN] PackLoader:240 - Cannot read IP mode file for STMicroelectronics.X-CUBE-AZRTOS-WL.2.0.0
2025-12-17 16:55:12,445 [WARN] PackLoader:240 - Cannot read IP mode file for STMicroelectronics.FP-SNS-MOTENV1.5.0.0
2025-12-17 16:55:12,482 [INFO] WebApp:191 - Connection restablished
2025-12-17 16:55:12,525 [WARN] PackLoader:240 - Cannot read IP mode file for STMicroelectronics.X-CUBE-AZRTOS-H7RS.1.2.0
2025-12-17 16:55:12,539 [WARN] PackLoader:240 - Cannot read IP mode file for STMicroelectronics.X-CUBE-BLE2.3.3.0
2025-12-17 16:55:12,581 [WARN] PackLoader:240 - Cannot read IP mode file for STMicroelectronics.X-CUBE-NFC9.1.0.0
2025-12-17 16:55:12,594 [WARN] PackLoader:240 - Cannot read IP mode file for wolfSSL.I-CUBE-wolfSSL.5.8.2
2025-12-17 16:55:12,600 [INFO] WebApp:225 - Starting web application
2025-12-17 16:55:12,600 [INFO] WebApp:593 - Web application path used /opt/st/stm32cubeide_1.19.0/plugins/com.st.stm32cube.common.mx_6.15.0.202507011659/db/plugins/mcufinder/reactClient1/index.html
2025-12-17 16:55:12,606 [WARN] PackLoader:240 - Cannot read IP mode file for STMicroelectronics.X-CUBE-BLE1.7.1.0
2025-12-17 16:55:12,615 [WARN] PackLoader:240 - Cannot read IP mode file for wolfSSL.I-CUBE-wolfMQTT.1.19.2
2025-12-17 16:55:12,624 [WARN] PackLoader:240 - Cannot read IP mode file for STMicroelectronics.X-CUBE-FREERTOS.1.4.0
2025-12-17 16:55:12,637 [WARN] PackLoader:240 - Cannot read IP mode file for STMicroelectronics.X-CUBE-EEPRMA1.5.2.0
2025-12-17 16:55:12,655 [WARN] PackLoader:240 - Cannot read IP mode file for STMicroelectronics.X-CUBE-ST67W61.1.1.0
2025-12-17 16:55:12,771 [WARN] PackLoader:240 - Cannot read IP mode file for STMicroelectronics.X-CUBE-MEMS1.12.0.0
2025-12-17 16:55:12,976 [WARN] PackLoader:240 - Cannot read IP mode file for STMicroelectronics.X-CUBE-AZRTOS-G0.1.1.0
2025-12-17 16:55:12,990 [INFO] UserAuth:487 - Internet connection configuration mode: 1
2025-12-17 16:55:12,997 [WARN] PackLoader:240 - Cannot read IP mode file for STMicroelectronics.X-CUBE-SAFEA1.1.2.2
2025-12-17 16:55:13,010 [WARN] PackLoader:240 - Cannot read IP mode file for STMicroelectronics.X-CUBE-NFC4.3.0.0
2025-12-17 16:55:13,085 [WARN] PackLoader:240 - Cannot read IP mode file for EmbeddedOffice.I-CUBE-FS-RTOS.1.0.1
2025-12-17 16:55:13,112 [WARN] PackLoader:240 - Cannot read IP mode file for STMicroelectronics.X-CUBE-WB05N.2.0.0
2025-12-17 16:55:13,131 [WARN] PackLoader:240 - Cannot read IP mode file for wolfSSL.I-CUBE-wolfTPM.3.8.0
2025-12-17 16:55:13,156 [WARN] PackLoader:240 - Cannot read IP mode file for STMicroelectronics.X-CUBE-TCPP.4.2.0
2025-12-17 16:55:13,175 [WARN] PackLoader:240 - Cannot read IP mode file for RealThread.X-CUBE-RT-Thread_Nano.4.1.1
2025-12-17 16:55:13,183 [WARN] PackLoader:240 - Cannot read IP mode file for STMicroelectronics.FP-ATR-SIGFOX1.3.2.0
2025-12-17 16:55:13,192 [WARN] PackLoader:240 - Cannot read IP mode file for ITTIA_DB.I-CUBE-ITTIADB.8.9.0
2025-12-17 16:55:13,204 [WARN] PackLoader:240 - Cannot read IP mode file for STMicroelectronics.X-CUBE-AI.10.2.0
2025-12-17 16:55:13,254 [WARN] PackLoader:240 - Cannot read IP mode file for SEGGER.I-CUBE-embOS.1.3.1
2025-12-17 16:55:13,428 [WARN] PackLoader:240 - Cannot read IP mode file for STMicroelectronics.X-CUBE-ALGOBUILD.1.4.0
2025-12-17 16:55:13,506 [WARN] PackLoader:240 - Cannot read IP mode file for STMicroelectronics.X-CUBE-MEMS1.11.3.0
2025-12-17 16:55:13,746 [WARN] PackLoader:240 - Cannot read IP mode file for STMicroelectronics.X-CUBE-PM33A1.1.0.0
2025-12-17 16:55:13,769 [WARN] PackLoader:240 - Cannot read IP mode file for STMicroelectronics.X-CUBE-AZRTOS-F4.1.1.0
2025-12-17 16:55:13,778 [WARN] PackLoader:240 - Cannot read IP mode file for STMicroelectronics.X-CUBE-ISPU.2.1.0
2025-12-17 16:55:13,797 [WARN] PackLoader:240 - Cannot read IP mode file for STMicroelectronics.X-CUBE-IPS.3.2.0
2025-12-17 16:55:13,807 [WARN] PackLoader:240 - Cannot read IP mode file for STMicroelectronics.X-CUBE-NFC12.1.0.0
2025-12-17 16:55:13,822 [WARN] PackLoader:240 - Cannot read IP mode file for STMicroelectronics.X-CUBE-AZRTOS-L5.2.0.0
2025-12-17 16:55:13,829 [WARN] PackLoader:240 - Cannot read IP mode file for STMicroelectronics.X-CUBE-NFC6.3.1.0
2025-12-17 16:55:13,834 [WARN] PackLoader:240 - Cannot read IP mode file for STMicroelectronics.X-CUBE-FREERTOS.1.3.1
2025-12-17 16:55:13,838 [WARN] PackLoader:240 - Cannot read IP mode file for STMicroelectronics.X-CUBE-TOUCHGFX.4.26.0
2025-12-17 16:55:13,841 [WARN] PackLoader:240 - Cannot read IP mode file for STMicroelectronics.FP-SNS-STAIOTCFT.1.0.0
2025-12-17 16:55:13,845 [WARN] PackLoader:240 - Cannot read IP mode file for STMicroelectronics.X-CUBE-DPower.1.3.0
2025-12-17 16:55:13,858 [WARN] ConditionMgr:438 - getConditionDescription Invalid condition id : LAN8742 Phy interface Condition cause : null
2025-12-17 16:55:13,859 [WARN] PackLoader:240 - Cannot read IP mode file for STMicroelectronics.X-CUBE-AZRTOS-L4.2.0.0
2025-12-17 16:55:13,860 [WARN] ConditionMgr:1044 - genDependencies : Invalid condition id : LAN8742 Phy interface Condition cause : null
2025-12-17 16:55:13,860 [WARN] ConditionMgr:1044 - genDependencies : Invalid condition id : LAN8742 Phy interface Condition cause : null
2025-12-17 16:55:13,861 [WARN] ConditionMgr:1044 - genDependencies : Invalid condition id : LAN8742 Phy interface Condition cause : null
2025-12-17 16:55:13,866 [WARN] PackLoader:240 - Cannot read IP mode file for STMicroelectronics.X-CUBE-SFXS2LP1.4.0.0
2025-12-17 16:55:13,875 [WARN] PackLoader:240 - Cannot read IP mode file for STMicroelectronics.X-CUBE-BLEMGR.4.1.0
2025-12-17 16:55:13,905 [WARN] ConditionMgr:438 - getConditionDescription Invalid condition id : UX DEVICE CLASS RTOS Condition cause : null
2025-12-17 16:55:13,905 [WARN] ConditionMgr:438 - getConditionDescription Invalid condition id : UX DEVICE CLASS RTOS Condition cause : null
2025-12-17 16:55:13,909 [WARN] PackLoader:240 - Cannot read IP mode file for STMicroelectronics.X-CUBE-AZRTOS-WB.2.0.0
2025-12-17 16:55:13,909 [WARN] ConditionMgr:1044 - genDependencies : Invalid condition id : UX DEVICE CLASS RTOS Condition cause : null
2025-12-17 16:55:13,910 [WARN] ConditionMgr:1044 - genDependencies : Invalid condition id : UX DEVICE CLASS RTOS Condition cause : null
2025-12-17 16:55:13,910 [WARN] ConditionMgr:1044 - genDependencies : Invalid condition id : UX DEVICE CLASS RTOS Condition cause : null
2025-12-17 16:55:13,910 [WARN] ConditionMgr:1044 - genDependencies : Invalid condition id : UX DEVICE CLASS RTOS Condition cause : null
2025-12-17 16:55:13,911 [WARN] ConditionMgr:1044 - genDependencies : Invalid condition id : UX DEVICE CLASS RTOS Condition cause : null
2025-12-17 16:55:13,915 [WARN] PackLoader:240 - Cannot read IP mode file for STMicroelectronics.X-CUBE-GNSS1.7.0.1
2025-12-17 16:55:13,919 [WARN] ConditionMgr:438 - getConditionDescription Invalid condition id : Cortex-A Device cause : null
2025-12-17 16:55:13,928 [WARN] ConditionMgr:1044 - genDependencies : Invalid condition id : Cortex-A Device cause : null
2025-12-17 16:55:13,928 [WARN] ConditionMgr:1044 - genDependencies : Invalid condition id : Cortex-A Device cause : null
2025-12-17 16:55:13,928 [WARN] ConditionMgr:1044 - genDependencies : Invalid condition id : Cortex-A Device cause : null
2025-12-17 16:55:13,939 [WARN] PackLoader:240 - Cannot read IP mode file for STMicroelectronics.X-CUBE-SUBG2.5.0.0
2025-12-17 16:55:13,959 [WARN] PackLoader:240 - Cannot read IP mode file for STMicroelectronics.X-CUBE-AZRTOS-H7RS.1.1.0
2025-12-17 16:55:13,979 [WARN] PackLoader:240 - Cannot read IP mode file for STMicroelectronics.X-CUBE-AZRTOS-G4.2.0.0
2025-12-17 16:55:13,985 [WARN] PackLoader:240 - Cannot read IP mode file for wolfSSL.I-CUBE-wolfSSH.1.4.20
2025-12-17 16:55:13,989 [WARN] PackLoader:240 - Cannot read IP mode file for STMicroelectronics.X-CUBE-NFC7.2.0.0
2025-12-17 16:55:13,993 [WARN] PackLoader:240 - Cannot read IP mode file for STMicroelectronics.X-CUBE-ALS.1.0.2
2025-12-17 16:55:14,000 [WARN] PackLoader:240 - Cannot read IP mode file for STMicroelectronics.X-CUBE-STSE01.1.0.0
2025-12-17 16:55:14,011 [WARN] PackLoader:240 - Cannot read IP mode file for STMicroelectronics.X-CUBE-TOF1.3.4.3
2025-12-17 16:55:14,023 [INFO] ThirdParty:978 - Integrity check success = true
2025-12-17 16:55:14,023 [INFO] IntegrityCheckThread:100 - exiting critical section [integrity check]
2025-12-17 16:55:14,023 [INFO] IntegrityCheckThread:103 - End integrity checks thread
2025-12-17 16:56:28,761 [ERROR] LogOutputStream:75 - [STDERR_REDIRECT] 
