[2026-04-23 19:16:14.734] [1623] [HailoRT] [info] [vdevice.cpp:535] [create] Creating vdevice with params: device_count: 1, scheduling_algorithm: NONE, multi_process_service: false
[2026-04-23 19:16:14.745] [1623] [HailoRT] [info] [device.cpp:51] [Device] OS Version: Linux 6.12.25-v8-16k #1 SMP PREEMPT Tue Feb 10 12:20:11 UTC 2026 aarch64
[2026-04-23 19:16:14.745] [1623] [HailoRT] [info] [control.cpp:113] [control__parse_identify_results] firmware_version is: 4.23.0
[2026-04-23 19:16:14.745] [1623] [HailoRT] [info] [vdevice.cpp:682] [create] VDevice Infos: 0001:01:00.0
[2026-04-23 19:16:15.013] [1623] [HailoRT] [info] [internal_buffer_manager.cpp:77] [print_execution_results] Planned internal buffer memory: CMA=0 CMA-Desc=196608 Pinned=718336. memory to edge layer usage factor is 1
[2026-04-23 19:16:15.013] [1623] [HailoRT] [info] [internal_buffer_manager.cpp:86] [print_execution_results] Default Internal buffer planner executed successfully
[2026-04-23 19:16:26.543] [1623] [HailoRT] [info] [device_internal.cpp:57] [configure] Configuring HEF took 11797.721978 milliseconds
[2026-04-23 19:16:26.543] [1623] [HailoRT] [info] [vdevice.cpp:780] [configure] Configuring HEF on VDevice took 11798.197813 milliseconds
[2026-04-23 19:16:26.544] [1623] [HailoRT] [info] [edge_elements.cpp:52] [create] Created (HwWriteEl3yolov8n_seg/input_layer1 | hw_frame_size: 1228800)
[2026-04-23 19:16:26.544] [1623] [HailoRT] [info] [vstream.cpp:754] [InputVStreamImpl] Creating yolov8n_seg/input_layer1...
[2026-04-23 19:16:26.544] [1623] [HailoRT] [info] [vstream_builder.cpp:102] [create_inputs] Input pipeline 'yolov8n_seg/input_layer1': (HwWriteEl3yolov8n_seg/input_layer1 | hw_frame_size: 1228800) >> HW
[2026-04-23 19:16:26.544] [1623] [HailoRT] [info] [edge_elements.cpp:287] [create] Created (HwReadEl2yolov8n_seg/conv44 | hw_frame_size: 409600)
[2026-04-23 19:16:26.544] [1623] [HailoRT] [info] [queue_elements.cpp:800] [create] Created (UserBuffQEl2yolov8n_seg/conv44 | timeout: 10s)
[2026-04-23 19:16:26.544] [1623] [HailoRT] [info] [vstream.cpp:1114] [OutputVStreamImpl] Creating yolov8n_seg/conv44...
[2026-04-23 19:16:26.544] [1623] [HailoRT] [info] [vstream_builder.cpp:220] [create_outputs] Output pipeline 'yolov8n_seg/conv44': HW >> (HwReadEl2yolov8n_seg/conv44 | hw_frame_size: 409600) >> (UserBuffQEl2yolov8n_seg/conv44 | timeout: 10s)
[2026-04-23 19:16:26.544] [1623] [HailoRT] [info] [edge_elements.cpp:287] [create] Created (HwReadEl4yolov8n_seg/conv45 | hw_frame_size: 32000)
[2026-04-23 19:16:26.544] [1623] [HailoRT] [info] [queue_elements.cpp:800] [create] Created (UserBuffQEl4yolov8n_seg/conv45 | timeout: 10s)
[2026-04-23 19:16:26.544] [1623] [HailoRT] [info] [vstream.cpp:1114] [OutputVStreamImpl] Creating yolov8n_seg/conv45...
[2026-04-23 19:16:26.544] [1623] [HailoRT] [info] [vstream_builder.cpp:220] [create_outputs] Output pipeline 'yolov8n_seg/conv45': HW >> (HwReadEl4yolov8n_seg/conv45 | hw_frame_size: 32000) >> (UserBuffQEl4yolov8n_seg/conv45 | timeout: 10s)
[2026-04-23 19:16:26.544] [1623] [HailoRT] [info] [edge_elements.cpp:287] [create] Created (HwReadEl5yolov8n_seg/conv46 | hw_frame_size: 204800)
[2026-04-23 19:16:26.544] [1623] [HailoRT] [info] [queue_elements.cpp:800] [create] Created (UserBuffQEl5yolov8n_seg/conv46 | timeout: 10s)
[2026-04-23 19:16:26.544] [1623] [HailoRT] [info] [vstream.cpp:1114] [OutputVStreamImpl] Creating yolov8n_seg/conv46...
[2026-04-23 19:16:26.544] [1623] [HailoRT] [info] [vstream_builder.cpp:220] [create_outputs] Output pipeline 'yolov8n_seg/conv46': HW >> (HwReadEl5yolov8n_seg/conv46 | hw_frame_size: 204800) >> (UserBuffQEl5yolov8n_seg/conv46 | timeout: 10s)
[2026-04-23 19:16:26.544] [1623] [HailoRT] [info] [edge_elements.cpp:287] [create] Created (HwReadEl6yolov8n_seg/conv48 | hw_frame_size: 819200)
[2026-04-23 19:16:26.544] [1623] [HailoRT] [info] [queue_elements.cpp:800] [create] Created (UserBuffQEl6yolov8n_seg/conv48 | timeout: 10s)
[2026-04-23 19:16:26.544] [1623] [HailoRT] [info] [vstream.cpp:1114] [OutputVStreamImpl] Creating yolov8n_seg/conv48...
[2026-04-23 19:16:26.544] [1623] [HailoRT] [info] [vstream_builder.cpp:220] [create_outputs] Output pipeline 'yolov8n_seg/conv48': HW >> (HwReadEl6yolov8n_seg/conv48 | hw_frame_size: 819200) >> (UserBuffQEl6yolov8n_seg/conv48 | timeout: 10s)
[2026-04-23 19:16:26.544] [1623] [HailoRT] [info] [edge_elements.cpp:287] [create] Created (HwReadEl15yolov8n_seg/conv60 | hw_frame_size: 102400)
[2026-04-23 19:16:26.544] [1623] [HailoRT] [info] [queue_elements.cpp:800] [create] Created (UserBuffQEl15yolov8n_seg/conv60 | timeout: 10s)
[2026-04-23 19:16:26.544] [1623] [HailoRT] [info] [vstream.cpp:1114] [OutputVStreamImpl] Creating yolov8n_seg/conv60...
[2026-04-23 19:16:26.544] [1623] [HailoRT] [info] [vstream_builder.cpp:220] [create_outputs] Output pipeline 'yolov8n_seg/conv60': HW >> (HwReadEl15yolov8n_seg/conv60 | hw_frame_size: 102400) >> (UserBuffQEl15yolov8n_seg/conv60 | timeout: 10s)
[2026-04-23 19:16:26.544] [1623] [HailoRT] [info] [edge_elements.cpp:287] [create] Created (HwReadEl7yolov8n_seg/conv61 | hw_frame_size: 8000)
[2026-04-23 19:16:26.545] [1623] [HailoRT] [info] [queue_elements.cpp:657] [create] Created (PullQEl_hw_read7yolov8n_seg/conv61)
[2026-04-23 19:16:26.545] [1623] [HailoRT] [info] [filter_elements.cpp:372] [create] Created (PostInferEl7yolov8n_seg/conv61 | Reorder - src_order: NHCW, src_shape: (40, 40, 5), dst_order: NHWC, dst_shape: (40, 40, 5))
[2026-04-23 19:16:26.545] [1623] [HailoRT] [info] [queue_elements.cpp:800] [create] Created (UserBuffQEl7yolov8n_seg/conv61 | timeout: 10s)
[2026-04-23 19:16:26.545] [1623] [HailoRT] [info] [vstream.cpp:1114] [OutputVStreamImpl] Creating yolov8n_seg/conv61...
[2026-04-23 19:16:26.545] [1623] [HailoRT] [info] [vstream_builder.cpp:220] [create_outputs] Output pipeline 'yolov8n_seg/conv61': HW >> (HwReadEl7yolov8n_seg/conv61 | hw_frame_size: 8000) >> (PullQEl_hw_read7yolov8n_seg/conv61) >> (PostInferEl7yolov8n_seg/conv61 | Reorder - src_order: NHCW, src_shape: (40, 40, 5), dst_order: NHWC, dst_shape: (40, 40, 5)) >> (UserBuffQEl7yolov8n_seg/conv61 | timeout: 10s)
[2026-04-23 19:16:26.545] [1623] [HailoRT] [info] [edge_elements.cpp:287] [create] Created (HwReadEl1yolov8n_seg/conv62 | hw_frame_size: 51200)
[2026-04-23 19:16:26.545] [1623] [HailoRT] [info] [queue_elements.cpp:800] [create] Created (UserBuffQEl1yolov8n_seg/conv62 | timeout: 10s)
[2026-04-23 19:16:26.545] [1623] [HailoRT] [info] [vstream.cpp:1114] [OutputVStreamImpl] Creating yolov8n_seg/conv62...
[2026-04-23 19:16:26.545] [1623] [HailoRT] [info] [vstream_builder.cpp:220] [create_outputs] Output pipeline 'yolov8n_seg/conv62': HW >> (HwReadEl1yolov8n_seg/conv62 | hw_frame_size: 51200) >> (UserBuffQEl1yolov8n_seg/conv62 | timeout: 10s)
[2026-04-23 19:16:26.545] [1623] [HailoRT] [info] [edge_elements.cpp:287] [create] Created (HwReadEl0yolov8n_seg/conv73 | hw_frame_size: 25600)
[2026-04-23 19:16:26.545] [1623] [HailoRT] [info] [queue_elements.cpp:800] [create] Created (UserBuffQEl0yolov8n_seg/conv73 | timeout: 10s)
[2026-04-23 19:16:26.545] [1623] [HailoRT] [info] [vstream.cpp:1114] [OutputVStreamImpl] Creating yolov8n_seg/conv73...
[2026-04-23 19:16:26.545] [1623] [HailoRT] [info] [vstream_builder.cpp:220] [create_outputs] Output pipeline 'yolov8n_seg/conv73': HW >> (HwReadEl0yolov8n_seg/conv73 | hw_frame_size: 25600) >> (UserBuffQEl0yolov8n_seg/conv73 | timeout: 10s)
[2026-04-23 19:16:26.545] [1623] [HailoRT] [info] [edge_elements.cpp:287] [create] Created (HwReadEl10yolov8n_seg/conv74 | hw_frame_size: 2000)
[2026-04-23 19:16:26.545] [1623] [HailoRT] [info] [queue_elements.cpp:657] [create] Created (PullQEl_hw_read10yolov8n_seg/conv74)
[2026-04-23 19:16:26.545] [1623] [HailoRT] [info] [filter_elements.cpp:372] [create] Created (PostInferEl10yolov8n_seg/conv74 | Reorder - src_order: NHCW, src_shape: (20, 20, 5), dst_order: NHWC, dst_shape: (20, 20, 5))
[2026-04-23 19:16:26.545] [1623] [HailoRT] [info] [queue_elements.cpp:800] [create] Created (UserBuffQEl10yolov8n_seg/conv74 | timeout: 10s)
[2026-04-23 19:16:26.545] [1623] [HailoRT] [info] [vstream.cpp:1114] [OutputVStreamImpl] Creating yolov8n_seg/conv74...
[2026-04-23 19:16:26.545] [1623] [HailoRT] [info] [vstream_builder.cpp:220] [create_outputs] Output pipeline 'yolov8n_seg/conv74': HW >> (HwReadEl10yolov8n_seg/conv74 | hw_frame_size: 2000) >> (PullQEl_hw_read10yolov8n_seg/conv74) >> (PostInferEl10yolov8n_seg/conv74 | Reorder - src_order: NHCW, src_shape: (20, 20, 5), dst_order: NHWC, dst_shape: (20, 20, 5)) >> (UserBuffQEl10yolov8n_seg/conv74 | timeout: 10s)
[2026-04-23 19:16:26.545] [1623] [HailoRT] [info] [edge_elements.cpp:287] [create] Created (HwReadEl8yolov8n_seg/conv75 | hw_frame_size: 12800)
[2026-04-23 19:16:26.545] [1623] [HailoRT] [info] [queue_elements.cpp:657] [create] Created (PullQEl_hw_read8yolov8n_seg/conv75)
[2026-04-23 19:16:26.545] [1623] [HailoRT] [info] [filter_elements.cpp:372] [create] Created (PostInferEl8yolov8n_seg/conv75 | Reorder - src_order: NHCW, src_shape: (20, 20, 32), dst_order: NHWC, dst_shape: (20, 20, 32))
[2026-04-23 19:16:26.545] [1623] [HailoRT] [info] [queue_elements.cpp:800] [create] Created (UserBuffQEl8yolov8n_seg/conv75 | timeout: 10s)
[2026-04-23 19:16:26.545] [1623] [HailoRT] [info] [vstream.cpp:1114] [OutputVStreamImpl] Creating yolov8n_seg/conv75...
[2026-04-23 19:16:26.545] [1623] [HailoRT] [info] [vstream_builder.cpp:220] [create_outputs] Output pipeline 'yolov8n_seg/conv75': HW >> (HwReadEl8yolov8n_seg/conv75 | hw_frame_size: 12800) >> (PullQEl_hw_read8yolov8n_seg/conv75) >> (PostInferEl8yolov8n_seg/conv75 | Reorder - src_order: NHCW, src_shape: (20, 20, 32), dst_order: NHWC, dst_shape: (20, 20, 32)) >> (UserBuffQEl8yolov8n_seg/conv75 | timeout: 10s)
[2026-04-23 19:16:26.549] [1623] [HailoRT] [info] [core_op.cpp:156] [activate] Activating yolov8n_seg took 3.262992 milliseconds. Note that the function is asynchronous and thus the network is not fully activated yet.
[2026-04-23 19:16:26.549] [1623] [HailoRT] [info] [core_op.cpp:156] [activate] Activating yolov8n_seg took 3.274937 milliseconds. Note that the function is asynchronous and thus the network is not fully activated yet.
[2026-04-23 19:16:55.480] [1652] [HailoRT] [info] [vdevice_native_stream.cpp:331] [read_impl] Failed read from stream HAILO_STREAM_NOT_ACTIVATED(72) (device: 0001:01:00.0)
[2026-04-23 19:16:55.480] [1654] [HailoRT] [info] [vdevice_native_stream.cpp:331] [read_impl] Failed read from stream HAILO_STREAM_NOT_ACTIVATED(72) (device: 0001:01:00.0)
[2026-04-23 19:16:55.480] [1648] [HailoRT] [info] [vdevice_native_stream.cpp:331] [read_impl] Failed read from stream HAILO_STREAM_NOT_ACTIVATED(72) (device: 0001:01:00.0)
[2026-04-23 19:16:55.480] [1623] [HailoRT] [info] [core_op.cpp:186] [deactivate] Deactivating took 0.631558 ms
[2026-04-23 19:16:55.480] [1623] [HailoRT] [info] [core_op.cpp:186] [deactivate] Deactivating took 0.653392 ms
[2026-04-23 19:16:55.480] [1643] [HailoRT] [info] [queue_elements.cpp:855] [run_in_thread] Shutdown event was signaled in dequeue of UserBuffQEl2yolov8n_seg/conv44!
[2026-04-23 19:16:55.481] [1643] [HailoRT] [info] [queue_elements.cpp:68] [operator()] Thread in element UserBuffQEl2yolov8n_seg/conv44 is not running anymore, exiting..
[2026-04-23 19:16:55.481] [1623] [HailoRT] [info] [queue_elements.cpp:46] [~BaseQueueElement] Queue element UserBuffQEl2yolov8n_seg/conv44 has 0 frames in his Queue on destruction
[2026-04-23 19:16:55.481] [1644] [HailoRT] [info] [queue_elements.cpp:855] [run_in_thread] Shutdown event was signaled in dequeue of UserBuffQEl4yolov8n_seg/conv45!
[2026-04-23 19:16:55.481] [1644] [HailoRT] [info] [queue_elements.cpp:68] [operator()] Thread in element UserBuffQEl4yolov8n_seg/conv45 is not running anymore, exiting..
[2026-04-23 19:16:55.481] [1623] [HailoRT] [info] [queue_elements.cpp:46] [~BaseQueueElement] Queue element UserBuffQEl4yolov8n_seg/conv45 has 0 frames in his Queue on destruction
[2026-04-23 19:16:55.481] [1645] [HailoRT] [info] [queue_elements.cpp:855] [run_in_thread] Shutdown event was signaled in dequeue of UserBuffQEl5yolov8n_seg/conv46!
[2026-04-23 19:16:55.481] [1645] [HailoRT] [info] [queue_elements.cpp:68] [operator()] Thread in element UserBuffQEl5yolov8n_seg/conv46 is not running anymore, exiting..
[2026-04-23 19:16:55.481] [1623] [HailoRT] [info] [queue_elements.cpp:46] [~BaseQueueElement] Queue element UserBuffQEl5yolov8n_seg/conv46 has 0 frames in his Queue on destruction
[2026-04-23 19:16:55.481] [1646] [HailoRT] [info] [queue_elements.cpp:855] [run_in_thread] Shutdown event was signaled in dequeue of UserBuffQEl6yolov8n_seg/conv48!
[2026-04-23 19:16:55.481] [1646] [HailoRT] [info] [queue_elements.cpp:68] [operator()] Thread in element UserBuffQEl6yolov8n_seg/conv48 is not running anymore, exiting..
[2026-04-23 19:16:55.481] [1623] [HailoRT] [info] [queue_elements.cpp:46] [~BaseQueueElement] Queue element UserBuffQEl6yolov8n_seg/conv48 has 0 frames in his Queue on destruction
[2026-04-23 19:16:55.481] [1647] [HailoRT] [info] [queue_elements.cpp:855] [run_in_thread] Shutdown event was signaled in dequeue of UserBuffQEl15yolov8n_seg/conv60!
[2026-04-23 19:16:55.481] [1647] [HailoRT] [info] [queue_elements.cpp:68] [operator()] Thread in element UserBuffQEl15yolov8n_seg/conv60 is not running anymore, exiting..
[2026-04-23 19:16:55.481] [1623] [HailoRT] [info] [queue_elements.cpp:46] [~BaseQueueElement] Queue element UserBuffQEl15yolov8n_seg/conv60 has 0 frames in his Queue on destruction
[2026-04-23 19:16:55.481] [1649] [HailoRT] [info] [queue_elements.cpp:855] [run_in_thread] Shutdown event was signaled in dequeue of UserBuffQEl7yolov8n_seg/conv61!
[2026-04-23 19:16:55.481] [1648] [HailoRT] [info] [queue_elements.cpp:734] [run_in_thread] Shutdown event was signaled in run_pull of queue element PullQEl_hw_read7yolov8n_seg/conv61!
[2026-04-23 19:16:55.481] [1648] [HailoRT] [info] [queue_elements.cpp:68] [operator()] Thread in element PullQEl_hw_read7yolov8n_seg/conv61 is not running anymore, exiting..
[2026-04-23 19:16:55.481] [1623] [HailoRT] [info] [queue_elements.cpp:46] [~BaseQueueElement] Queue element PullQEl_hw_read7yolov8n_seg/conv61 has 0 frames in his Queue on destruction
[2026-04-23 19:16:55.481] [1649] [HailoRT] [info] [queue_elements.cpp:68]